#
# There is insufficient memory for the Java Runtime Environment to continue.
# Native memory allocation (mmap) failed to map 39845888 bytes for Failed to commit area from 0x000000074e400000 to 0x0000000750a00000 of length 39845888.
# Possible reasons:
#   The system is out of physical RAM or swap space
#   The process is running with CompressedOops enabled, and the Java Heap may be blocking the growth of the native heap
# Possible solutions:
#   Reduce memory load on the system
#   Increase physical memory or swap space
#   Check if swap backing store is full
#   Decrease Java heap size (-Xmx/-Xms)
#   Decrease number of Java threads
#   Decrease Java thread stack sizes (-Xss)
#   Set larger code cache with -XX:ReservedCodeCacheSize=
#   JVM is running with Zero Based Compressed Oops mode in which the Java heap is
#     placed in the first 32GB address space. The Java Heap base address is the
#     maximum limit for the native heap growth. Please use -XX:HeapBaseMinAddress
#     to set the Java Heap base and to place the Java Heap above 32GB virtual address.
# This output file may be truncated or incomplete.
#
#  Out of Memory Error (c:/BuildAgent/work/5ff2f6c26000d570/src/hotspot/os/windows/os_windows.cpp:3291), pid=3032, tid=17148
#
# JRE version: OpenJDK Runtime Environment (11.0.5+10) (build 11.0.5+10-b520.38)
# Java VM: OpenJDK 64-Bit Server VM (11.0.5+10-b520.38, mixed mode, sharing, tiered, compressed oops, g1 gc, windows-amd64)
# No core dump will be written. Minidumps are not enabled by default on client versions of Windows
#

---------------  S U M M A R Y ------------

Command Line: -XX:TieredStopAtLevel=1 -Xverify:none -Dspring.output.ansi.enabled=always -Dcom.sun.management.jmxremote -Dspring.jmx.enabled=true -Dspring.liveBeansView.mbeanDomain -Dspring.application.admin.enabled=true -javaagent:C:\Program Files\JetBrains\IntelliJ IDEA 2019.3.3\lib\idea_rt.jar=54233:C:\Program Files\JetBrains\IntelliJ IDEA 2019.3.3\bin -Dfile.encoding=UTF-8 com.example.RestTest.RestTestApplication

Host: Intel(R) Core(TM) i5-8300H CPU @ 2.30GHz, 8 cores, 11G,  Windows 10 , 64 bit Build 18362 (10.0.18362.900)
Time: Thu Jul  2 18:32:35 2020 FLE Daylight Time elapsed time: 4 seconds (0d 0h 0m 4s)

---------------  T H R E A D  ---------------

Current thread (0x000001feff213800):  VMThread "VM Thread" [stack: 0x0000006bd4c00000,0x0000006bd4d00000] [id=17148]

Stack: [0x0000006bd4c00000,0x0000006bd4d00000]
[error occurred during error reporting (printing stack bounds), id 0xc0000005, EXCEPTION_ACCESS_VIOLATION (0xc0000005) at pc=0x000001fe80000dad]

Native frames: (J=compiled Java code, j=interpreted, Vv=VM code, C=native code)
V  [jvm.dll+0x5dcafa]
V  [jvm.dll+0x70e375]
V  [jvm.dll+0x70f898]
V  [jvm.dll+0x70fec5]
V  [jvm.dll+0x70fe7b]
V  [jvm.dll+0x5dc288]
V  [jvm.dll+0x5dc6e8]
C  [ntdll.dll+0xa11cf]
C  [ntdll.dll+0x6a209]
C  [ntdll.dll+0x9fe3e]
C  0x000001fe80000dad

VM_Operation (0x0000006bd5cfd030): G1CollectForAllocation, mode: safepoint, requested by thread 0x000001fe975b7000


---------------  P R O C E S S  ---------------

Threads class SMR info:
_java_thread_list=0x000001fe98090ef0, length=16, elements={
0x000001fef9116000, 0x000001feff218800, 0x000001feffa28800, 0x000001feffa33800,
0x000001feffa34800, 0x000001feffa37000, 0x000001feffa60000, 0x000001feff1fb800,
0x000001feffe1e000, 0x000001fe96fd7800, 0x000001fe971eb000, 0x000001fe975b4000,
0x000001fe975b7000, 0x000001fe97dca000, 0x000001fe97689800, 0x000001fe984b3000
}

Java Threads: ( => current thread )
  0x000001fef9116000 JavaThread "main" [_thread_blocked, id=14920, stack(0x0000006bd4600000,0x0000006bd4700000)]
  0x000001feff218800 JavaThread "Reference Handler" daemon [_thread_blocked, id=9348, stack(0x0000006bd4d00000,0x0000006bd4e00000)]
  0x000001feffa28800 JavaThread "Finalizer" daemon [_thread_blocked, id=14108, stack(0x0000006bd4e00000,0x0000006bd4f00000)]
  0x000001feffa33800 JavaThread "Signal Dispatcher" daemon [_thread_blocked, id=8476, stack(0x0000006bd4f00000,0x0000006bd5000000)]
  0x000001feffa34800 JavaThread "Attach Listener" daemon [_thread_blocked, id=18408, stack(0x0000006bd5000000,0x0000006bd5100000)]
  0x000001feffa37000 JavaThread "C1 CompilerThread0" daemon [_thread_blocked, id=6352, stack(0x0000006bd5100000,0x0000006bd5200000)]
  0x000001feffa60000 JavaThread "Sweeper thread" daemon [_thread_blocked, id=6184, stack(0x0000006bd5200000,0x0000006bd5300000)]
  0x000001feff1fb800 JavaThread "Common-Cleaner" daemon [_thread_blocked, id=14440, stack(0x0000006bd5300000,0x0000006bd5400000)]
  0x000001feffe1e000 JavaThread "Monitor Ctrl-Break" daemon [_thread_in_native, id=9824, stack(0x0000006bd5400000,0x0000006bd5500000)]
  0x000001fe96fd7800 JavaThread "Service Thread" daemon [_thread_blocked, id=15500, stack(0x0000006bd5500000,0x0000006bd5600000)]
  0x000001fe971eb000 JavaThread "RMI TCP Accept-0" daemon [_thread_in_native, id=16012, stack(0x0000006bd5600000,0x0000006bd5700000)]
  0x000001fe975b4000 JavaThread "Thread-0" [_thread_blocked, id=15984, stack(0x0000006bd5b00000,0x0000006bd5c00000)]
  0x000001fe975b7000 JavaThread "restartedMain" [_thread_blocked, id=3040, stack(0x0000006bd5c00000,0x0000006bd5d00000)]
  0x000001fe97dca000 JavaThread "RMI TCP Connection(2)-192.168.220.1" daemon [_thread_in_native, id=1356, stack(0x0000006bd6200000,0x0000006bd6300000)]
  0x000001fe97689800 JavaThread "RMI Scheduler(0)" daemon [_thread_blocked, id=5420, stack(0x0000006bd6300000,0x0000006bd6400000)]
  0x000001fe984b3000 JavaThread "RMI TCP Connection(3)-192.168.220.1" daemon [_thread_in_native, id=17096, stack(0x0000006bd6400000,0x0000006bd6500000)]

Other Threads:
=>0x000001feff213800 VMThread "VM Thread" [stack: 0x0000006bd4c00000,0x0000006bd4d00000] [id=17148]
  0x000001fe971ef000 WatcherThread [stack: 0x0000006bd5700000,0x0000006bd5800000] [id=16888]
  0x000001fef912f800 GCTaskThread "GC Thread#0" [stack: 0x0000006bd4700000,0x0000006bd4800000] [id=7312]
  0x000001fe974ff000 GCTaskThread "GC Thread#1" [stack: 0x0000006bd5800000,0x0000006bd5900000] [id=11644]
  0x000001fe974ff800 GCTaskThread "GC Thread#2" [stack: 0x0000006bd5900000,0x0000006bd5a00000] [id=15792]
  0x000001fe97515000 GCTaskThread "GC Thread#3" [stack: 0x0000006bd5a00000,0x0000006bd5b00000] [id=7576]
  0x000001fe97603800 GCTaskThread "GC Thread#4" [stack: 0x0000006bd5e00000,0x0000006bd5f00000] [id=5964]
  0x000001fe97612000 GCTaskThread "GC Thread#5" [stack: 0x0000006bd5f00000,0x0000006bd6000000] [id=1736]
  0x000001fe97617000 GCTaskThread "GC Thread#6" [stack: 0x0000006bd6000000,0x0000006bd6100000] [id=8684]
  0x000001fe97617800 GCTaskThread "GC Thread#7" [stack: 0x0000006bd6100000,0x0000006bd6200000] [id=1096]
  0x000001fef9178000 ConcurrentGCThread "G1 Main Marker" [stack: 0x0000006bd4800000,0x0000006bd4900000] [id=16452]
  0x000001fef917b800 ConcurrentGCThread "G1 Conc#0" [stack: 0x0000006bd4900000,0x0000006bd4a00000] [id=10312]
  0x000001fe983ad000 ConcurrentGCThread "G1 Conc#1" [stack: 0x0000006bd5d00000,0x0000006bd5e00000] [id=17712]
  0x000001feff0a8000 ConcurrentGCThread "G1 Refine#0" [stack: 0x0000006bd4a00000,0x0000006bd4b00000] [id=14492]
  0x000001feff0aa000 ConcurrentGCThread "G1 Young RemSet Sampling" [stack: 0x0000006bd4b00000,0x0000006bd4c00000] [id=3644]

Threads with active compile tasks:

VM state:at safepoint (normal execution)

VM Mutex/Monitor currently owned by a thread:  ([mutex/lock_event])
[0x000001fef9112cd0] Threads_lock - owner thread: 0x000001feff213800
[0x000001fef9113270] Heap_lock - owner thread: 0x000001fe975b7000

Heap address: 0x0000000742600000, size: 3034 MB, Compressed Oops mode: Zero based, Oop shift amount: 3
Narrow klass base: 0x0000000800000000, Narrow klass shift: 3
Compressed class space size: 1073741824 Address: 0x0000000840000000

Heap:
 garbage-first heap   total 233472K, used 17543K [0x0000000742600000, 0x0000000800000000)
  region size 1024K, 10 young (10240K), 10 survivors (10240K)
 Metaspace       used 27245K, capacity 28503K, committed 28592K, reserved 1073152K
  class space    used 3807K, capacity 4345K, committed 4352K, reserved 1048576K
Heap Regions: E=young(eden), S=young(survivor), O=old, HS=humongous(starts), HC=humongous(continues), CS=collection set, F=free, A=archive, TAMS=top-at-mark-start (previous, next)
|   0|0x0000000742600000, 0x0000000742700000, 0x0000000742700000|100%|HS|  |TAMS 0x0000000742700000, 0x0000000742600000| Complete 
|   1|0x0000000742700000, 0x0000000742800000, 0x0000000742800000|100%| O|  |TAMS 0x0000000742800000, 0x0000000742700000| Untracked 
|   2|0x0000000742800000, 0x0000000742900000, 0x0000000742900000|100%| O|  |TAMS 0x0000000742900000, 0x0000000742800000| Untracked 
|   3|0x0000000742900000, 0x0000000742a00000, 0x0000000742a00000|100%| O|  |TAMS 0x0000000742a00000, 0x0000000742900000| Untracked 
|   4|0x0000000742a00000, 0x0000000742b00000, 0x0000000742b00000|100%| O|  |TAMS 0x0000000742b00000, 0x0000000742a00000| Untracked 
|   5|0x0000000742b00000, 0x0000000742c00000, 0x0000000742c00000|100%| O|  |TAMS 0x0000000742b06200, 0x0000000742b00000| Untracked 
|   6|0x0000000742c00000, 0x0000000742d00000, 0x0000000742d00000|100%| O|  |TAMS 0x0000000742c00000, 0x0000000742c00000| Untracked 
|   7|0x0000000742d00000, 0x0000000742dea200, 0x0000000742e00000| 91%| O|  |TAMS 0x0000000742d00000, 0x0000000742d00000| Untracked 
|   8|0x0000000742e00000, 0x0000000742e00000, 0x0000000742f00000|  0%| F|  |TAMS 0x0000000742e00000, 0x0000000742e00000| Untracked 
|   9|0x0000000742f00000, 0x0000000742f00000, 0x0000000743000000|  0%| F|  |TAMS 0x0000000742f00000, 0x0000000742f00000| Untracked 
|  10|0x0000000743000000, 0x0000000743000000, 0x0000000743100000|  0%| F|  |TAMS 0x0000000743000000, 0x0000000743000000| Untracked 
|  11|0x0000000743100000, 0x0000000743100000, 0x0000000743200000|  0%| F|  |TAMS 0x0000000743100000, 0x0000000743100000| Untracked 
|  12|0x0000000743200000, 0x0000000743200000, 0x0000000743300000|  0%| F|  |TAMS 0x0000000743200000, 0x0000000743200000| Untracked 
|  13|0x0000000743300000, 0x0000000743300000, 0x0000000743400000|  0%| F|  |TAMS 0x0000000743300000, 0x0000000743300000| Untracked 
|  14|0x0000000743400000, 0x0000000743400000, 0x0000000743500000|  0%| F|  |TAMS 0x0000000743400000, 0x0000000743400000| Untracked 
|  15|0x0000000743500000, 0x0000000743500000, 0x0000000743600000|  0%| F|  |TAMS 0x0000000743500000, 0x0000000743500000| Untracked 
|  16|0x0000000743600000, 0x0000000743600000, 0x0000000743700000|  0%| F|  |TAMS 0x0000000743600000, 0x0000000743600000| Untracked 
|  17|0x0000000743700000, 0x0000000743700000, 0x0000000743800000|  0%| F|  |TAMS 0x0000000743700000, 0x0000000743700000| Untracked 
|  18|0x0000000743800000, 0x0000000743800000, 0x0000000743900000|  0%| F|  |TAMS 0x0000000743800000, 0x0000000743800000| Untracked 
|  19|0x0000000743900000, 0x0000000743900000, 0x0000000743a00000|  0%| F|  |TAMS 0x0000000743900000, 0x0000000743900000| Untracked 
|  20|0x0000000743a00000, 0x0000000743a00000, 0x0000000743b00000|  0%| F|  |TAMS 0x0000000743a00000, 0x0000000743a00000| Untracked 
|  21|0x0000000743b00000, 0x0000000743b00000, 0x0000000743c00000|  0%| F|  |TAMS 0x0000000743b00000, 0x0000000743b00000| Untracked 
|  22|0x0000000743c00000, 0x0000000743c00000, 0x0000000743d00000|  0%| F|  |TAMS 0x0000000743c00000, 0x0000000743c00000| Untracked 
|  23|0x0000000743d00000, 0x0000000743d00000, 0x0000000743e00000|  0%| F|  |TAMS 0x0000000743d00000, 0x0000000743d00000| Untracked 
|  24|0x0000000743e00000, 0x0000000743e00000, 0x0000000743f00000|  0%| F|  |TAMS 0x0000000743e00000, 0x0000000743e00000| Untracked 
|  25|0x0000000743f00000, 0x0000000743f00000, 0x0000000744000000|  0%| F|  |TAMS 0x0000000743f00000, 0x0000000743f00000| Untracked 
|  26|0x0000000744000000, 0x0000000744000000, 0x0000000744100000|  0%| F|  |TAMS 0x0000000744000000, 0x0000000744000000| Untracked 
|  27|0x0000000744100000, 0x0000000744100000, 0x0000000744200000|  0%| F|  |TAMS 0x0000000744100000, 0x0000000744100000| Untracked 
|  28|0x0000000744200000, 0x0000000744200000, 0x0000000744300000|  0%| F|  |TAMS 0x0000000744200000, 0x0000000744200000| Untracked 
|  29|0x0000000744300000, 0x0000000744300000, 0x0000000744400000|  0%| F|  |TAMS 0x0000000744300000, 0x0000000744300000| Untracked 
|  30|0x0000000744400000, 0x0000000744400000, 0x0000000744500000|  0%| F|  |TAMS 0x0000000744400000, 0x0000000744400000| Untracked 
|  31|0x0000000744500000, 0x0000000744500000, 0x0000000744600000|  0%| F|  |TAMS 0x0000000744500000, 0x0000000744500000| Untracked 
|  32|0x0000000744600000, 0x0000000744600000, 0x0000000744700000|  0%| F|  |TAMS 0x0000000744600000, 0x0000000744600000| Untracked 
|  33|0x0000000744700000, 0x0000000744700000, 0x0000000744800000|  0%| F|  |TAMS 0x0000000744700000, 0x0000000744700000| Untracked 
|  34|0x0000000744800000, 0x0000000744800000, 0x0000000744900000|  0%| F|  |TAMS 0x0000000744800000, 0x0000000744800000| Untracked 
|  35|0x0000000744900000, 0x0000000744900000, 0x0000000744a00000|  0%| F|  |TAMS 0x0000000744900000, 0x0000000744900000| Untracked 
|  36|0x0000000744a00000, 0x0000000744a00000, 0x0000000744b00000|  0%| F|  |TAMS 0x0000000744a00000, 0x0000000744a00000| Untracked 
|  37|0x0000000744b00000, 0x0000000744b00000, 0x0000000744c00000|  0%| F|  |TAMS 0x0000000744b00000, 0x0000000744b00000| Untracked 
|  38|0x0000000744c00000, 0x0000000744c00000, 0x0000000744d00000|  0%| F|  |TAMS 0x0000000744c00000, 0x0000000744c00000| Untracked 
|  39|0x0000000744d00000, 0x0000000744d00000, 0x0000000744e00000|  0%| F|  |TAMS 0x0000000744d00000, 0x0000000744d00000| Untracked 
|  40|0x0000000744e00000, 0x0000000744e00000, 0x0000000744f00000|  0%| F|  |TAMS 0x0000000744e00000, 0x0000000744e00000| Untracked 
|  41|0x0000000744f00000, 0x0000000744f00000, 0x0000000745000000|  0%| F|  |TAMS 0x0000000744f00000, 0x0000000744f00000| Untracked 
|  42|0x0000000745000000, 0x0000000745000000, 0x0000000745100000|  0%| F|  |TAMS 0x0000000745000000, 0x0000000745000000| Untracked 
|  43|0x0000000745100000, 0x0000000745100000, 0x0000000745200000|  0%| F|  |TAMS 0x0000000745100000, 0x0000000745100000| Untracked 
|  44|0x0000000745200000, 0x0000000745200000, 0x0000000745300000|  0%| F|  |TAMS 0x0000000745200000, 0x0000000745200000| Untracked 
|  45|0x0000000745300000, 0x0000000745300000, 0x0000000745400000|  0%| F|  |TAMS 0x0000000745300000, 0x0000000745300000| Untracked 
|  46|0x0000000745400000, 0x0000000745400000, 0x0000000745500000|  0%| F|  |TAMS 0x0000000745400000, 0x0000000745400000| Untracked 
|  47|0x0000000745500000, 0x0000000745500000, 0x0000000745600000|  0%| F|  |TAMS 0x0000000745500000, 0x0000000745500000| Untracked 
|  48|0x0000000745600000, 0x0000000745600000, 0x0000000745700000|  0%| F|  |TAMS 0x0000000745600000, 0x0000000745600000| Untracked 
|  49|0x0000000745700000, 0x0000000745700000, 0x0000000745800000|  0%| F|  |TAMS 0x0000000745700000, 0x0000000745700000| Untracked 
|  50|0x0000000745800000, 0x0000000745800000, 0x0000000745900000|  0%| F|  |TAMS 0x0000000745800000, 0x0000000745800000| Untracked 
|  51|0x0000000745900000, 0x0000000745900000, 0x0000000745a00000|  0%| F|  |TAMS 0x0000000745900000, 0x0000000745900000| Untracked 
|  52|0x0000000745a00000, 0x0000000745a00000, 0x0000000745b00000|  0%| F|  |TAMS 0x0000000745a00000, 0x0000000745a00000| Untracked 
|  53|0x0000000745b00000, 0x0000000745b00000, 0x0000000745c00000|  0%| F|  |TAMS 0x0000000745b00000, 0x0000000745b00000| Untracked 
|  54|0x0000000745c00000, 0x0000000745c00000, 0x0000000745d00000|  0%| F|  |TAMS 0x0000000745c00000, 0x0000000745c00000| Untracked 
|  55|0x0000000745d00000, 0x0000000745d00000, 0x0000000745e00000|  0%| F|  |TAMS 0x0000000745d00000, 0x0000000745d00000| Untracked 
|  56|0x0000000745e00000, 0x0000000745e00000, 0x0000000745f00000|  0%| F|  |TAMS 0x0000000745e00000, 0x0000000745e00000| Untracked 
|  57|0x0000000745f00000, 0x0000000745f00000, 0x0000000746000000|  0%| F|  |TAMS 0x0000000745f00000, 0x0000000745f00000| Untracked 
|  58|0x0000000746000000, 0x0000000746000000, 0x0000000746100000|  0%| F|  |TAMS 0x0000000746000000, 0x0000000746000000| Untracked 
|  59|0x0000000746100000, 0x0000000746100000, 0x0000000746200000|  0%| F|  |TAMS 0x0000000746100000, 0x0000000746100000| Untracked 
|  60|0x0000000746200000, 0x0000000746200000, 0x0000000746300000|  0%| F|  |TAMS 0x0000000746200000, 0x0000000746200000| Untracked 
|  61|0x0000000746300000, 0x0000000746300000, 0x0000000746400000|  0%| F|  |TAMS 0x0000000746300000, 0x0000000746300000| Untracked 
|  62|0x0000000746400000, 0x0000000746400000, 0x0000000746500000|  0%| F|  |TAMS 0x0000000746400000, 0x0000000746400000| Untracked 
|  63|0x0000000746500000, 0x0000000746500000, 0x0000000746600000|  0%| F|  |TAMS 0x0000000746500000, 0x0000000746500000| Untracked 
|  64|0x0000000746600000, 0x0000000746600000, 0x0000000746700000|  0%| F|  |TAMS 0x0000000746600000, 0x0000000746600000| Untracked 
|  65|0x0000000746700000, 0x0000000746700000, 0x0000000746800000|  0%| F|  |TAMS 0x0000000746700000, 0x0000000746700000| Untracked 
|  66|0x0000000746800000, 0x0000000746837b00, 0x0000000746900000| 21%| S|CS|TAMS 0x0000000746800000, 0x0000000746800000| Complete 
|  67|0x0000000746900000, 0x0000000746a00000, 0x0000000746a00000|100%| S|CS|TAMS 0x0000000746900000, 0x0000000746900000| Complete 
|  68|0x0000000746a00000, 0x0000000746b00000, 0x0000000746b00000|100%| S|CS|TAMS 0x0000000746a00000, 0x0000000746a00000| Complete 
|  69|0x0000000746b00000, 0x0000000746c00000, 0x0000000746c00000|100%| S|CS|TAMS 0x0000000746b00000, 0x0000000746b00000| Complete 
|  70|0x0000000746c00000, 0x0000000746d00000, 0x0000000746d00000|100%| S|CS|TAMS 0x0000000746c00000, 0x0000000746c00000| Complete 
|  71|0x0000000746d00000, 0x0000000746e00000, 0x0000000746e00000|100%| S|CS|TAMS 0x0000000746d00000, 0x0000000746d00000| Complete 
|  72|0x0000000746e00000, 0x0000000746f00000, 0x0000000746f00000|100%| S|CS|TAMS 0x0000000746e00000, 0x0000000746e00000| Complete 
|  73|0x0000000746f00000, 0x0000000747000000, 0x0000000747000000|100%| S|CS|TAMS 0x0000000746f00000, 0x0000000746f00000| Complete 
|  74|0x0000000747000000, 0x0000000747100000, 0x0000000747100000|100%| S|CS|TAMS 0x0000000747000000, 0x0000000747000000| Complete 
|  75|0x0000000747100000, 0x0000000747200000, 0x0000000747200000|100%| S|CS|TAMS 0x0000000747100000, 0x0000000747100000| Complete 
|  76|0x0000000747200000, 0x0000000747200000, 0x0000000747300000|  0%| F|  |TAMS 0x0000000747200000, 0x0000000747200000| Untracked 
|  77|0x0000000747300000, 0x0000000747300000, 0x0000000747400000|  0%| F|  |TAMS 0x0000000747300000, 0x0000000747300000| Untracked 
|  78|0x0000000747400000, 0x0000000747400000, 0x0000000747500000|  0%| F|  |TAMS 0x0000000747400000, 0x0000000747400000| Untracked 
|  79|0x0000000747500000, 0x0000000747500000, 0x0000000747600000|  0%| F|  |TAMS 0x0000000747500000, 0x0000000747500000| Untracked 
|  80|0x0000000747600000, 0x0000000747600000, 0x0000000747700000|  0%| F|  |TAMS 0x0000000747600000, 0x0000000747600000| Untracked 
|  81|0x0000000747700000, 0x0000000747700000, 0x0000000747800000|  0%| F|  |TAMS 0x0000000747700000, 0x0000000747700000| Untracked 
|  82|0x0000000747800000, 0x0000000747800000, 0x0000000747900000|  0%| F|  |TAMS 0x0000000747800000, 0x0000000747800000| Untracked 
|  83|0x0000000747900000, 0x0000000747900000, 0x0000000747a00000|  0%| F|  |TAMS 0x0000000747900000, 0x0000000747900000| Untracked 
|  84|0x0000000747a00000, 0x0000000747a00000, 0x0000000747b00000|  0%| F|  |TAMS 0x0000000747a00000, 0x0000000747a00000| Untracked 
|  85|0x0000000747b00000, 0x0000000747b00000, 0x0000000747c00000|  0%| F|  |TAMS 0x0000000747b00000, 0x0000000747b00000| Untracked 
|  86|0x0000000747c00000, 0x0000000747c00000, 0x0000000747d00000|  0%| F|  |TAMS 0x0000000747c00000, 0x0000000747c00000| Untracked 
|  87|0x0000000747d00000, 0x0000000747d00000, 0x0000000747e00000|  0%| F|  |TAMS 0x0000000747d00000, 0x0000000747d00000| Untracked 
|  88|0x0000000747e00000, 0x0000000747e00000, 0x0000000747f00000|  0%| F|  |TAMS 0x0000000747e00000, 0x0000000747e00000| Untracked 
|  89|0x0000000747f00000, 0x0000000747f00000, 0x0000000748000000|  0%| F|  |TAMS 0x0000000747f00000, 0x0000000747f00000| Untracked 
|  90|0x0000000748000000, 0x0000000748000000, 0x0000000748100000|  0%| F|  |TAMS 0x0000000748000000, 0x0000000748000000| Untracked 
|  91|0x0000000748100000, 0x0000000748100000, 0x0000000748200000|  0%| F|  |TAMS 0x0000000748100000, 0x0000000748100000| Untracked 
|  92|0x0000000748200000, 0x0000000748200000, 0x0000000748300000|  0%| F|  |TAMS 0x0000000748200000, 0x0000000748200000| Untracked 
|  93|0x0000000748300000, 0x0000000748300000, 0x0000000748400000|  0%| F|  |TAMS 0x0000000748300000, 0x0000000748300000| Untracked 
|  94|0x0000000748400000, 0x0000000748400000, 0x0000000748500000|  0%| F|  |TAMS 0x0000000748400000, 0x0000000748400000| Untracked 
|  95|0x0000000748500000, 0x0000000748500000, 0x0000000748600000|  0%| F|  |TAMS 0x0000000748500000, 0x0000000748500000| Untracked 
|  96|0x0000000748600000, 0x0000000748600000, 0x0000000748700000|  0%| F|  |TAMS 0x0000000748600000, 0x0000000748600000| Untracked 
|  97|0x0000000748700000, 0x0000000748700000, 0x0000000748800000|  0%| F|  |TAMS 0x0000000748700000, 0x0000000748700000| Untracked 
|  98|0x0000000748800000, 0x0000000748800000, 0x0000000748900000|  0%| F|  |TAMS 0x0000000748800000, 0x0000000748800000| Untracked 
|  99|0x0000000748900000, 0x0000000748900000, 0x0000000748a00000|  0%| F|  |TAMS 0x0000000748900000, 0x0000000748900000| Untracked 
| 100|0x0000000748a00000, 0x0000000748a00000, 0x0000000748b00000|  0%| F|  |TAMS 0x0000000748a00000, 0x0000000748a00000| Untracked 
| 101|0x0000000748b00000, 0x0000000748b00000, 0x0000000748c00000|  0%| F|  |TAMS 0x0000000748b00000, 0x0000000748b00000| Untracked 
| 102|0x0000000748c00000, 0x0000000748c00000, 0x0000000748d00000|  0%| F|  |TAMS 0x0000000748c00000, 0x0000000748c00000| Untracked 
| 103|0x0000000748d00000, 0x0000000748d00000, 0x0000000748e00000|  0%| F|  |TAMS 0x0000000748d00000, 0x0000000748d00000| Untracked 
| 104|0x0000000748e00000, 0x0000000748e00000, 0x0000000748f00000|  0%| F|  |TAMS 0x0000000748e00000, 0x0000000748e00000| Untracked 
| 105|0x0000000748f00000, 0x0000000748f00000, 0x0000000749000000|  0%| F|  |TAMS 0x0000000748f00000, 0x0000000748f00000| Untracked 
| 106|0x0000000749000000, 0x0000000749000000, 0x0000000749100000|  0%| F|  |TAMS 0x0000000749000000, 0x0000000749000000| Untracked 
| 107|0x0000000749100000, 0x0000000749100000, 0x0000000749200000|  0%| F|  |TAMS 0x0000000749100000, 0x0000000749100000| Untracked 
| 108|0x0000000749200000, 0x0000000749200000, 0x0000000749300000|  0%| F|  |TAMS 0x0000000749200000, 0x0000000749200000| Untracked 
| 109|0x0000000749300000, 0x0000000749300000, 0x0000000749400000|  0%| F|  |TAMS 0x0000000749300000, 0x0000000749300000| Untracked 
| 110|0x0000000749400000, 0x0000000749400000, 0x0000000749500000|  0%| F|  |TAMS 0x0000000749400000, 0x0000000749400000| Untracked 
| 111|0x0000000749500000, 0x0000000749500000, 0x0000000749600000|  0%| F|  |TAMS 0x0000000749500000, 0x0000000749500000| Untracked 
| 112|0x0000000749600000, 0x0000000749600000, 0x0000000749700000|  0%| F|  |TAMS 0x0000000749600000, 0x0000000749600000| Untracked 
| 113|0x0000000749700000, 0x0000000749700000, 0x0000000749800000|  0%| F|  |TAMS 0x0000000749700000, 0x0000000749700000| Untracked 
| 114|0x0000000749800000, 0x0000000749800000, 0x0000000749900000|  0%| F|  |TAMS 0x0000000749800000, 0x0000000749800000| Untracked 
| 115|0x0000000749900000, 0x0000000749900000, 0x0000000749a00000|  0%| F|  |TAMS 0x0000000749900000, 0x0000000749900000| Untracked 
| 116|0x0000000749a00000, 0x0000000749a00000, 0x0000000749b00000|  0%| F|  |TAMS 0x0000000749a00000, 0x0000000749a00000| Untracked 
| 117|0x0000000749b00000, 0x0000000749b00000, 0x0000000749c00000|  0%| F|  |TAMS 0x0000000749b00000, 0x0000000749b00000| Untracked 
| 118|0x0000000749c00000, 0x0000000749c00000, 0x0000000749d00000|  0%| F|  |TAMS 0x0000000749c00000, 0x0000000749c00000| Untracked 
| 119|0x0000000749d00000, 0x0000000749d00000, 0x0000000749e00000|  0%| F|  |TAMS 0x0000000749d00000, 0x0000000749d00000| Untracked 
| 120|0x0000000749e00000, 0x0000000749e00000, 0x0000000749f00000|  0%| F|  |TAMS 0x0000000749e00000, 0x0000000749e00000| Untracked 
| 121|0x0000000749f00000, 0x0000000749f00000, 0x000000074a000000|  0%| F|  |TAMS 0x0000000749f00000, 0x0000000749f00000| Untracked 
| 122|0x000000074a000000, 0x000000074a000000, 0x000000074a100000|  0%| F|  |TAMS 0x000000074a000000, 0x000000074a000000| Untracked 
| 123|0x000000074a100000, 0x000000074a100000, 0x000000074a200000|  0%| F|  |TAMS 0x000000074a100000, 0x000000074a100000| Untracked 
| 124|0x000000074a200000, 0x000000074a200000, 0x000000074a300000|  0%| F|  |TAMS 0x000000074a200000, 0x000000074a200000| Untracked 
| 125|0x000000074a300000, 0x000000074a300000, 0x000000074a400000|  0%| F|  |TAMS 0x000000074a300000, 0x000000074a300000| Untracked 
| 126|0x000000074a400000, 0x000000074a400000, 0x000000074a500000|  0%| F|  |TAMS 0x000000074a400000, 0x000000074a400000| Untracked 
| 127|0x000000074a500000, 0x000000074a500000, 0x000000074a600000|  0%| F|  |TAMS 0x000000074a500000, 0x000000074a500000| Untracked 
| 128|0x000000074a600000, 0x000000074a600000, 0x000000074a700000|  0%| F|  |TAMS 0x000000074a600000, 0x000000074a600000| Untracked 
| 129|0x000000074a700000, 0x000000074a700000, 0x000000074a800000|  0%| F|  |TAMS 0x000000074a700000, 0x000000074a700000| Untracked 
| 130|0x000000074a800000, 0x000000074a800000, 0x000000074a900000|  0%| F|  |TAMS 0x000000074a800000, 0x000000074a800000| Untracked 
| 131|0x000000074a900000, 0x000000074a900000, 0x000000074aa00000|  0%| F|  |TAMS 0x000000074a900000, 0x000000074a900000| Untracked 
| 132|0x000000074aa00000, 0x000000074aa00000, 0x000000074ab00000|  0%| F|  |TAMS 0x000000074aa00000, 0x000000074aa00000| Untracked 
| 133|0x000000074ab00000, 0x000000074ab00000, 0x000000074ac00000|  0%| F|  |TAMS 0x000000074ab00000, 0x000000074ab00000| Untracked 
| 134|0x000000074ac00000, 0x000000074ac00000, 0x000000074ad00000|  0%| F|  |TAMS 0x000000074ac00000, 0x000000074ac00000| Untracked 
| 135|0x000000074ad00000, 0x000000074ad00000, 0x000000074ae00000|  0%| F|  |TAMS 0x000000074ad00000, 0x000000074ad00000| Untracked 
| 136|0x000000074ae00000, 0x000000074ae00000, 0x000000074af00000|  0%| F|  |TAMS 0x000000074ae00000, 0x000000074ae00000| Untracked 
| 137|0x000000074af00000, 0x000000074af00000, 0x000000074b000000|  0%| F|  |TAMS 0x000000074af00000, 0x000000074af00000| Untracked 
| 138|0x000000074b000000, 0x000000074b000000, 0x000000074b100000|  0%| F|  |TAMS 0x000000074b000000, 0x000000074b000000| Untracked 
| 139|0x000000074b100000, 0x000000074b100000, 0x000000074b200000|  0%| F|  |TAMS 0x000000074b100000, 0x000000074b100000| Untracked 
| 140|0x000000074b200000, 0x000000074b200000, 0x000000074b300000|  0%| F|  |TAMS 0x000000074b200000, 0x000000074b200000| Untracked 
| 141|0x000000074b300000, 0x000000074b300000, 0x000000074b400000|  0%| F|  |TAMS 0x000000074b300000, 0x000000074b300000| Untracked 
| 142|0x000000074b400000, 0x000000074b400000, 0x000000074b500000|  0%| F|  |TAMS 0x000000074b400000, 0x000000074b400000| Untracked 
| 143|0x000000074b500000, 0x000000074b500000, 0x000000074b600000|  0%| F|  |TAMS 0x000000074b500000, 0x000000074b500000| Untracked 
| 144|0x000000074b600000, 0x000000074b600000, 0x000000074b700000|  0%| F|  |TAMS 0x000000074b600000, 0x000000074b600000| Untracked 
| 145|0x000000074b700000, 0x000000074b700000, 0x000000074b800000|  0%| F|  |TAMS 0x000000074b700000, 0x000000074b700000| Untracked 
| 146|0x000000074b800000, 0x000000074b800000, 0x000000074b900000|  0%| F|  |TAMS 0x000000074b800000, 0x000000074b800000| Untracked 
| 147|0x000000074b900000, 0x000000074b900000, 0x000000074ba00000|  0%| F|  |TAMS 0x000000074b900000, 0x000000074b900000| Untracked 
| 148|0x000000074ba00000, 0x000000074ba00000, 0x000000074bb00000|  0%| F|  |TAMS 0x000000074ba00000, 0x000000074ba00000| Untracked 
| 149|0x000000074bb00000, 0x000000074bb00000, 0x000000074bc00000|  0%| F|  |TAMS 0x000000074bb00000, 0x000000074bb00000| Untracked 
| 150|0x000000074bc00000, 0x000000074bc00000, 0x000000074bd00000|  0%| F|  |TAMS 0x000000074bc00000, 0x000000074bc00000| Untracked 
| 151|0x000000074bd00000, 0x000000074bd00000, 0x000000074be00000|  0%| F|  |TAMS 0x000000074bd00000, 0x000000074bd00000| Untracked 
| 152|0x000000074be00000, 0x000000074be00000, 0x000000074bf00000|  0%| F|  |TAMS 0x000000074be00000, 0x000000074be00000| Untracked 
| 153|0x000000074bf00000, 0x000000074bf00000, 0x000000074c000000|  0%| F|  |TAMS 0x000000074bf00000, 0x000000074bf00000| Untracked 
| 154|0x000000074c000000, 0x000000074c000000, 0x000000074c100000|  0%| F|  |TAMS 0x000000074c000000, 0x000000074c000000| Untracked 
| 155|0x000000074c100000, 0x000000074c100000, 0x000000074c200000|  0%| F|  |TAMS 0x000000074c100000, 0x000000074c100000| Untracked 
| 156|0x000000074c200000, 0x000000074c200000, 0x000000074c300000|  0%| F|  |TAMS 0x000000074c200000, 0x000000074c200000| Untracked 
| 157|0x000000074c300000, 0x000000074c300000, 0x000000074c400000|  0%| F|  |TAMS 0x000000074c300000, 0x000000074c300000| Untracked 
| 158|0x000000074c400000, 0x000000074c400000, 0x000000074c500000|  0%| F|  |TAMS 0x000000074c400000, 0x000000074c400000| Untracked 
| 159|0x000000074c500000, 0x000000074c500000, 0x000000074c600000|  0%| F|  |TAMS 0x000000074c500000, 0x000000074c500000| Untracked 
| 160|0x000000074c600000, 0x000000074c600000, 0x000000074c700000|  0%| F|  |TAMS 0x000000074c600000, 0x000000074c600000| Untracked 
| 161|0x000000074c700000, 0x000000074c700000, 0x000000074c800000|  0%| F|  |TAMS 0x000000074c700000, 0x000000074c700000| Untracked 
| 162|0x000000074c800000, 0x000000074c800000, 0x000000074c900000|  0%| F|  |TAMS 0x000000074c800000, 0x000000074c800000| Untracked 
| 163|0x000000074c900000, 0x000000074c900000, 0x000000074ca00000|  0%| F|  |TAMS 0x000000074c900000, 0x000000074c900000| Untracked 
| 164|0x000000074ca00000, 0x000000074ca00000, 0x000000074cb00000|  0%| F|  |TAMS 0x000000074ca00000, 0x000000074ca00000| Untracked 
| 165|0x000000074cb00000, 0x000000074cb00000, 0x000000074cc00000|  0%| F|  |TAMS 0x000000074cb00000, 0x000000074cb00000| Untracked 
| 166|0x000000074cc00000, 0x000000074cc00000, 0x000000074cd00000|  0%| F|  |TAMS 0x000000074cc00000, 0x000000074cc00000| Untracked 
| 167|0x000000074cd00000, 0x000000074cd00000, 0x000000074ce00000|  0%| F|  |TAMS 0x000000074cd00000, 0x000000074cd00000| Untracked 
| 168|0x000000074ce00000, 0x000000074ce00000, 0x000000074cf00000|  0%| F|  |TAMS 0x000000074ce00000, 0x000000074ce00000| Untracked 
| 169|0x000000074cf00000, 0x000000074cf00000, 0x000000074d000000|  0%| F|  |TAMS 0x000000074cf00000, 0x000000074cf00000| Untracked 
| 170|0x000000074d000000, 0x000000074d000000, 0x000000074d100000|  0%| F|  |TAMS 0x000000074d000000, 0x000000074d000000| Untracked 
| 171|0x000000074d100000, 0x000000074d100000, 0x000000074d200000|  0%| F|  |TAMS 0x000000074d100000, 0x000000074d100000| Untracked 
| 172|0x000000074d200000, 0x000000074d200000, 0x000000074d300000|  0%| F|  |TAMS 0x000000074d200000, 0x000000074d200000| Untracked 
| 173|0x000000074d300000, 0x000000074d300000, 0x000000074d400000|  0%| F|  |TAMS 0x000000074d300000, 0x000000074d300000| Untracked 
| 174|0x000000074d400000, 0x000000074d400000, 0x000000074d500000|  0%| F|  |TAMS 0x000000074d400000, 0x000000074d400000| Untracked 
| 175|0x000000074d500000, 0x000000074d500000, 0x000000074d600000|  0%| F|  |TAMS 0x000000074d500000, 0x000000074d500000| Untracked 
| 176|0x000000074d600000, 0x000000074d600000, 0x000000074d700000|  0%| F|  |TAMS 0x000000074d600000, 0x000000074d600000| Untracked 
| 177|0x000000074d700000, 0x000000074d700000, 0x000000074d800000|  0%| F|  |TAMS 0x000000074d700000, 0x000000074d700000| Untracked 
| 178|0x000000074d800000, 0x000000074d800000, 0x000000074d900000|  0%| F|  |TAMS 0x000000074d800000, 0x000000074d800000| Untracked 
| 179|0x000000074d900000, 0x000000074d900000, 0x000000074da00000|  0%| F|  |TAMS 0x000000074d900000, 0x000000074d900000| Untracked 
| 180|0x000000074da00000, 0x000000074da00000, 0x000000074db00000|  0%| F|  |TAMS 0x000000074da00000, 0x000000074da00000| Untracked 
| 181|0x000000074db00000, 0x000000074db00000, 0x000000074dc00000|  0%| F|  |TAMS 0x000000074db00000, 0x000000074db00000| Untracked 
| 182|0x000000074dc00000, 0x000000074dc00000, 0x000000074dd00000|  0%| F|  |TAMS 0x000000074dc00000, 0x000000074dc00000| Untracked 
| 183|0x000000074dd00000, 0x000000074dd00000, 0x000000074de00000|  0%| F|  |TAMS 0x000000074dd00000, 0x000000074dd00000| Untracked 
| 184|0x000000074de00000, 0x000000074de00000, 0x000000074df00000|  0%| F|  |TAMS 0x000000074de00000, 0x000000074de00000| Untracked 
| 185|0x000000074df00000, 0x000000074df00000, 0x000000074e000000|  0%| F|  |TAMS 0x000000074df00000, 0x000000074df00000| Untracked 
| 186|0x000000074e000000, 0x000000074e000000, 0x000000074e100000|  0%| F|  |TAMS 0x000000074e000000, 0x000000074e000000| Untracked 
| 187|0x000000074e100000, 0x000000074e100000, 0x000000074e200000|  0%| F|  |TAMS 0x000000074e100000, 0x000000074e100000| Untracked 
| 188|0x000000074e200000, 0x000000074e200000, 0x000000074e300000|  0%| F|  |TAMS 0x000000074e200000, 0x000000074e200000| Untracked 
| 189|0x000000074e300000, 0x000000074e300000, 0x000000074e400000|  0%| F|  |TAMS 0x000000074e300000, 0x000000074e300000| Untracked 

Card table byte_map: [0x000001fefdae0000,0x000001fefe0d0000] _byte_map_base: 0x000001fefa0cd000

Marking Bits (Prev, Next): (CMBitMap*) 0x000001fef9169420, (CMBitMap*) 0x000001fef91693e8
 Prev Bits: [0x000001fe91f70000, 0x000001fe94ed8000)
 Next Bits: [0x000001fe8f000000, 0x000001fe91f68000)

Polling page: 0x000001fef6f90000

Metaspace:

Usage:
  Non-class:     23.59 MB capacity,    22.89 MB ( 97%) used,   591.57 KB (  2%) free+waste,   128.00 KB ( <1%) overhead. 
      Class:      4.24 MB capacity,     3.72 MB ( 88%) used,   471.14 KB ( 11%) free+waste,    66.44 KB (  2%) overhead. 
       Both:     27.83 MB capacity,    26.61 MB ( 96%) used,     1.04 MB (  4%) free+waste,   194.44 KB ( <1%) overhead. 

Virtual space:
  Non-class space:       24.00 MB reserved,      23.67 MB ( 99%) committed 
      Class space:        1.00 GB reserved,       4.25 MB ( <1%) committed 
             Both:        1.02 GB reserved,      27.92 MB (  3%) committed 

Chunk freelists:
   Non-Class:  18.00 KB
       Class:  7.00 KB
        Both:  25.00 KB

MaxMetaspaceSize: 17179869184.00 GB
CompressedClassSpaceSize: 1.00 GB

CodeHeap 'non-profiled nmethods': size=238336Kb used=6517Kb max_used=6517Kb free=231818Kb
 bounds [0x000001fe80740000, 0x000001fe80da0000, 0x000001fe8f000000]
CodeHeap 'non-nmethods': size=7424Kb used=1187Kb max_used=1187Kb free=6236Kb
 bounds [0x000001fe80000000, 0x000001fe80270000, 0x000001fe80740000]
 total_blobs=4665 nmethods=3863 adapters=445
 compilation: enabled
              stopped_count=0, restarted_count=0
 full_count=0

Compilation events (20 events):
Event: 4.562 Thread 0x000001feffa37000 3864       1       sun.nio.fs.WindowsPath::checkRead (17 bytes)
Event: 4.562 Thread 0x000001feffa37000 nmethod 3864 0x000001fe80d98110 code [0x000001fe80d982c0, 0x000001fe80d98450]
Event: 4.562 Thread 0x000001feffa37000 3865       1       sun.nio.fs.NativeBuffers::getNativeBuffer (21 bytes)
Event: 4.562 Thread 0x000001feffa37000 nmethod 3865 0x000001fe80d98510 code [0x000001fe80d986e0, 0x000001fe80d98900]
Event: 4.562 Thread 0x000001feffa37000 3866   !   1       java.util.jar.JarFile::getBytes (137 bytes)
Event: 4.563 Thread 0x000001feffa37000 nmethod 3866 0x000001fe80d98a10 code [0x000001fe80d98ca0, 0x000001fe80d993a0]
Event: 4.563 Thread 0x000001feffa37000 3867       1       java.util.jar.JarFile::<init> (95 bytes)
Event: 4.563 Thread 0x000001feffa37000 nmethod 3867 0x000001fe80d99910 code [0x000001fe80d99b80, 0x000001fe80d9a230]
Event: 4.563 Thread 0x000001feffa37000 3871       1       java.lang.CompoundEnumeration::next (58 bytes)
Event: 4.563 Thread 0x000001feffa37000 nmethod 3871 0x000001fe80d9a590 code [0x000001fe80d9a740, 0x000001fe80d9a930]
Event: 4.563 Thread 0x000001feffa37000 3868       1       java.util.zip.ZipFile::<init> (10 bytes)
Event: 4.564 Thread 0x000001feffa37000 nmethod 3868 0x000001fe80d9aa10 code [0x000001fe80d9abc0, 0x000001fe80d9ad30]
Event: 4.564 Thread 0x000001feffa37000 3869       1       java.util.zip.ZipFile::<init> (134 bytes)
Event: 4.565 Thread 0x000001feffa37000 nmethod 3869 0x000001fe80d9ad90 code [0x000001fe80d9b080, 0x000001fe80d9c230]
Event: 4.565 Thread 0x000001feffa37000 3872       1       java.io.InputStream::readNBytes (53 bytes)
Event: 4.565 Thread 0x000001feffa37000 nmethod 3872 0x000001fe80d9c810 code [0x000001fe80d9c9e0, 0x000001fe80d9cc40]
Event: 4.565 Thread 0x000001feffa37000 3870       1       sun.nio.fs.WindowsFileAttributes::fromFileAttributeData (104 bytes)
Event: 4.565 Thread 0x000001feffa37000 nmethod 3870 0x000001fe80d9cd90 code [0x000001fe80d9cf60, 0x000001fe80d9d1f0]
Event: 4.571 Thread 0x000001feffa37000 3873       1       jdk.internal.loader.URLClassPath$1::hasMoreElements (5 bytes)
Event: 4.571 Thread 0x000001feffa37000 nmethod 3873 0x000001fe80d9d310 code [0x000001fe80d9d4c0, 0x000001fe80d9d610]

GC Heap History (9 events):
Event: 0.980 GC heap before
{Heap before GC invocations=0 (full 0):
 garbage-first heap   total 194560K, used 24576K [0x0000000742600000, 0x0000000800000000)
  region size 1024K, 24 young (24576K), 0 survivors (0K)
 Metaspace       used 6156K, capacity 6508K, committed 6656K, reserved 1056768K
  class space    used 769K, capacity 905K, committed 1024K, reserved 1048576K
}
Event: 0.995 GC heap after
{Heap after GC invocations=1 (full 0):
 garbage-first heap   total 194560K, used 8216K [0x0000000742600000, 0x0000000800000000)
  region size 1024K, 3 young (3072K), 3 survivors (3072K)
 Metaspace       used 6156K, capacity 6508K, committed 6656K, reserved 1056768K
  class space    used 769K, capacity 905K, committed 1024K, reserved 1048576K
}
Event: 1.249 GC heap before
{Heap before GC invocations=1 (full 0):
 garbage-first heap   total 194560K, used 67608K [0x0000000742600000, 0x0000000800000000)
  region size 1024K, 62 young (63488K), 3 survivors (3072K)
 Metaspace       used 7854K, capacity 8239K, committed 8448K, reserved 1056768K
  class space    used 1018K, capacity 1189K, committed 1280K, reserved 1048576K
}
Event: 1.261 GC heap after
{Heap after GC invocations=2 (full 0):
 garbage-first heap   total 194560K, used 9209K [0x0000000742600000, 0x0000000800000000)
  region size 1024K, 4 young (4096K), 4 survivors (4096K)
 Metaspace       used 7854K, capacity 8239K, committed 8448K, reserved 1056768K
  class space    used 1018K, capacity 1189K, committed 1280K, reserved 1048576K
}
Event: 2.144 GC heap before
{Heap before GC invocations=2 (full 0):
 garbage-first heap   total 194560K, used 79865K [0x0000000742600000, 0x0000000800000000)
  region size 1024K, 74 young (75776K), 4 survivors (4096K)
 Metaspace       used 18020K, capacity 18878K, committed 19072K, reserved 1064960K
  class space    used 2499K, capacity 2860K, committed 2944K, reserved 1048576K
}
Event: 2.153 GC heap after
{Heap after GC invocations=3 (full 0):
 garbage-first heap   total 194560K, used 11838K [0x0000000742600000, 0x0000000800000000)
  region size 1024K, 7 young (7168K), 7 survivors (7168K)
 Metaspace       used 18020K, capacity 18878K, committed 19072K, reserved 1064960K
  class space    used 2499K, capacity 2860K, committed 2944K, reserved 1048576K
}
Event: 3.162 GC heap before
{Heap before GC invocations=3 (full 0):
 garbage-first heap   total 194560K, used 98878K [0x0000000742600000, 0x0000000800000000)
  region size 1024K, 94 young (96256K), 7 survivors (7168K)
 Metaspace       used 20241K, capacity 21215K, committed 21296K, reserved 1067008K
  class space    used 2813K, capacity 3183K, committed 3200K, reserved 1048576K
}
Event: 3.174 GC heap after
{Heap after GC invocations=4 (full 0):
 garbage-first heap   total 194560K, used 13970K [0x0000000742600000, 0x0000000800000000)
  region size 1024K, 9 young (9216K), 9 survivors (9216K)
 Metaspace       used 20241K, capacity 21215K, committed 21296K, reserved 1067008K
  class space    used 2813K, capacity 3183K, committed 3200K, reserved 1048576K
}
Event: 4.572 GC heap before
{Heap before GC invocations=5 (full 0):
 garbage-first heap   total 194560K, used 120466K [0x0000000742600000, 0x0000000800000000)
  region size 1024K, 114 young (116736K), 9 survivors (9216K)
 Metaspace       used 27245K, capacity 28503K, committed 28592K, reserved 1073152K
  class space    used 3807K, capacity 4345K, committed 4352K, reserved 1048576K
}

Deoptimization events (2 events):
Event: 3.687 Thread 0x000001fe975b7000 DEOPT PACKING pc=0x000001fe80a5d754 sp=0x0000006bd5cfce10
Event: 3.687 Thread 0x000001fe975b7000 DEOPT UNPACKING pc=0x000001fe800290ce sp=0x0000006bd5cfc378 mode 0

Classes redefined (0 events):
No events

Internal exceptions (20 events):
Event: 4.215 Thread 0x000001fe975b7000 Exception <a 'java/lang/ClassNotFoundException'{0x000000074b6d5a70}: org/springframework/beans/factory/config/SmartInstantiationAwareBeanPostProcessorCustomizer> (0x000000074b6d5a70) thrown at [c:/BuildAgent/work/5ff2f6c26000d570/src/hotspot/share/classfi
Event: 4.216 Thread 0x000001fe975b7000 Exception <a 'java/lang/ClassNotFoundException'{0x000000074b6ecbb8}: org/springframework/beans/factory/config/InstantiationAwareBeanPostProcessorCustomizer> (0x000000074b6ecbb8) thrown at [c:/BuildAgent/work/5ff2f6c26000d570/src/hotspot/share/classfile/sy
Event: 4.217 Thread 0x000001fe975b7000 Exception <a 'java/lang/ClassNotFoundException'{0x000000074b501cf8}: org/springframework/beans/factory/config/BeanPostProcessorCustomizer> (0x000000074b501cf8) thrown at [c:/BuildAgent/work/5ff2f6c26000d570/src/hotspot/share/classfile/systemDictionary.cpp
Event: 4.218 Thread 0x000001fe975b7000 Exception <a 'java/lang/ClassNotFoundException'{0x000000074b5135c0}: org/springframework/beans/factory/BeanFactoryAwareCustomizer> (0x000000074b5135c0) thrown at [c:/BuildAgent/work/5ff2f6c26000d570/src/hotspot/share/classfile/systemDictionary.cpp, line 2
Event: 4.218 Thread 0x000001fe975b7000 Exception <a 'java/lang/ClassNotFoundException'{0x000000074b523358}: org/springframework/beans/factory/AwareCustomizer> (0x000000074b523358) thrown at [c:/BuildAgent/work/5ff2f6c26000d570/src/hotspot/share/classfile/systemDictionary.cpp, line 231]
Event: 4.218 Thread 0x000001fe975b7000 Exception <a 'java/lang/ClassNotFoundException'{0x000000074b530f30}: org/springframework/core/OrderedCustomizer> (0x000000074b530f30) thrown at [c:/BuildAgent/work/5ff2f6c26000d570/src/hotspot/share/classfile/systemDictionary.cpp, line 231]
Event: 4.219 Thread 0x000001fe975b7000 Exception <a 'java/lang/ClassNotFoundException'{0x000000074b541f20}: org/springframework/beans/factory/BeanClassLoaderAwareCustomizer> (0x000000074b541f20) thrown at [c:/BuildAgent/work/5ff2f6c26000d570/src/hotspot/share/classfile/systemDictionary.cpp, li
Event: 4.220 Thread 0x000001fe975b7000 Exception <a 'java/lang/ClassNotFoundException'{0x000000074b551378}: org/springframework/beans/factory/AwareCustomizer> (0x000000074b551378) thrown at [c:/BuildAgent/work/5ff2f6c26000d570/src/hotspot/share/classfile/systemDictionary.cpp, line 231]
Event: 4.221 Thread 0x000001fe975b7000 Exception <a 'java/lang/ClassNotFoundException'{0x000000074b561878}: org/springframework/aop/framework/AopInfrastructureBeanCustomizer> (0x000000074b561878) thrown at [c:/BuildAgent/work/5ff2f6c26000d570/src/hotspot/share/classfile/systemDictionary.cpp, l
Event: 4.248 Thread 0x000001fe975b7000 Exception <a 'java/lang/ClassNotFoundException'{0x000000074b32ee80}: java/lang/ObjectCustomizer> (0x000000074b32ee80) thrown at [c:/BuildAgent/work/5ff2f6c26000d570/src/hotspot/share/classfile/systemDictionary.cpp, line 231]
Event: 4.249 Thread 0x000001fe975b7000 Exception <a 'java/lang/ClassNotFoundException'{0x000000074b346e50}: org/springframework/transaction/annotation/AbstractTransactionManagementConfigurationCustomizer> (0x000000074b346e50) thrown at [c:/BuildAgent/work/5ff2f6c26000d570/src/hotspot/share/cla
Event: 4.250 Thread 0x000001fe975b7000 Exception <a 'java/lang/ClassNotFoundException'{0x000000074b35da98}: org/springframework/transaction/annotation/ProxyTransactionManagementConfigurationCustomizer> (0x000000074b35da98) thrown at [c:/BuildAgent/work/5ff2f6c26000d570/src/hotspot/share/classf
Event: 4.250 Thread 0x000001fe975b7000 Exception <a 'java/lang/ClassNotFoundException'{0x000000074b372318}: org/springframework/context/annotation/ImportAwareCustomizer> (0x000000074b372318) thrown at [c:/BuildAgent/work/5ff2f6c26000d570/src/hotspot/share/classfile/systemDictionary.cpp, line 2
Event: 4.251 Thread 0x000001fe975b7000 Exception <a 'java/lang/ClassNotFoundException'{0x000000074b3826f8}: org/springframework/beans/factory/AwareCustomizer> (0x000000074b3826f8) thrown at [c:/BuildAgent/work/5ff2f6c26000d570/src/hotspot/share/classfile/systemDictionary.cpp, line 231]
Event: 4.322 Thread 0x000001fe975b7000 Exception <a 'java/lang/NoSuchMethodError'{0x000000074af5bff8}: 'int java.lang.invoke.DirectMethodHandle$Holder.invokeSpecial(java.lang.Object, java.lang.Object, java.lang.Object, java.lang.Object, java.lang.Object)'> (0x000000074af5bff8) thrown at [c:/Bu
Event: 4.381 Thread 0x000001fe975b7000 Exception <a 'java/lang/NoSuchMethodError'{0x000000074ac9c1d0}: 'void java.lang.invoke.DirectMethodHandle$Holder.invokeInterface(java.lang.Object, java.lang.Object, int)'> (0x000000074ac9c1d0) thrown at [c:/BuildAgent/work/5ff2f6c26000d570/src/hotspot/sha
Event: 4.384 Thread 0x000001fe975b7000 Exception <a 'java/lang/NoSuchMethodError'{0x000000074ace02f0}: 'void java.lang.invoke.DirectMethodHandle$Holder.invokeStatic(java.lang.Object, int, java.lang.Object)'> (0x000000074ace02f0) thrown at [c:/BuildAgent/work/5ff2f6c26000d570/src/hotspot/share/
Event: 4.386 Thread 0x000001fe975b7000 Exception <a 'java/lang/NoSuchMethodError'{0x000000074ab03018}: 'int java.lang.invoke.DirectMethodHandle$Holder.invokeVirtual(java.lang.Object, java.lang.Object)'> (0x000000074ab03018) thrown at [c:/BuildAgent/work/5ff2f6c26000d570/src/hotspot/share/inter
Event: 4.387 Thread 0x000001fe975b7000 Exception <a 'java/lang/NoSuchMethodError'{0x000000074ab0cab0}: 'int java.lang.invoke.DirectMethodHandle$Holder.invokeSpecialIFC(java.lang.Object, java.lang.Object, java.lang.Object, java.lang.Object)'> (0x000000074ab0cab0) thrown at [c:/BuildAgent/work/5
Event: 4.484 Thread 0x000001fe984b3000 Exception <a 'java/lang/reflect/InvocationTargetException'{0x000000074c79e228}> (0x000000074c79e228) thrown at [c:/BuildAgent/work/5ff2f6c26000d570/src/hotspot/share/runtime/reflection.cpp, line 1246]

Events (20 events):
Event: 4.538 loading class org/apache/catalina/session/StandardManager done
Event: 4.539 loading class org/apache/catalina/session/ManagerBase
Event: 4.539 loading class org/apache/catalina/session/ManagerBase done
Event: 4.540 loading class org/apache/catalina/session/LocalStrings
Event: 4.540 loading class org/apache/catalina/session/LocalStrings done
Event: 4.541 loading class org/springframework/boot/web/embedded/tomcat/LazySessionIdGenerator
Event: 4.541 loading class org/springframework/boot/web/embedded/tomcat/LazySessionIdGenerator done
Event: 4.541 loading class org/apache/catalina/util/StandardSessionIdGenerator
Event: 4.541 loading class org/apache/catalina/util/StandardSessionIdGenerator done
Event: 4.542 loading class org/apache/catalina/util/SessionIdGeneratorBase
Event: 4.542 loading class org/apache/catalina/util/SessionIdGeneratorBase done
Event: 4.542 loading class org/apache/catalina/SessionIdGenerator
Event: 4.542 loading class org/apache/catalina/SessionIdGenerator done
Event: 4.543 loading class org/apache/catalina/Manager
Event: 4.543 loading class org/apache/catalina/Manager done
Event: 4.543 loading class org/apache/catalina/Manager
Event: 4.543 loading class org/apache/catalina/Manager done
Event: 4.543 loading class org/springframework/boot/system/ApplicationTemp
Event: 4.543 loading class org/springframework/boot/system/ApplicationTemp done
Event: 4.572 Executing VM operation: G1CollectForAllocation


Dynamic libraries:
0x00007ff65baf0000 - 0x00007ff65bafa000 	C:\Program Files\JetBrains\IntelliJ IDEA 2019.3.3\jbr\bin\java.exe
0x00007ffcf7440000 - 0x00007ffcf7630000 	C:\WINDOWS\SYSTEM32\ntdll.dll
0x00007ffcf54f0000 - 0x00007ffcf55a2000 	C:\WINDOWS\System32\KERNEL32.DLL
0x00007ffcf5190000 - 0x00007ffcf5434000 	C:\WINDOWS\System32\KERNELBASE.dll
0x00007ffcf4dd0000 - 0x00007ffcf4eca000 	C:\WINDOWS\System32\ucrtbase.dll
0x00007ffce7690000 - 0x00007ffce76a9000 	C:\Program Files\JetBrains\IntelliJ IDEA 2019.3.3\jbr\bin\jli.dll
0x00007ffce76b0000 - 0x00007ffce76c7000 	C:\Program Files\JetBrains\IntelliJ IDEA 2019.3.3\jbr\bin\VCRUNTIME140.dll
0x00007ffcf6cd0000 - 0x00007ffcf6e64000 	C:\WINDOWS\System32\USER32.dll
0x00007ffcf4c00000 - 0x00007ffcf4c21000 	C:\WINDOWS\System32\win32u.dll
0x00007ffcf5cd0000 - 0x00007ffcf5cf6000 	C:\WINDOWS\System32\GDI32.dll
0x00007ffcf4c30000 - 0x00007ffcf4dc5000 	C:\WINDOWS\System32\gdi32full.dll
0x00007ffcf5070000 - 0x00007ffcf510e000 	C:\WINDOWS\System32\msvcp_win.dll
0x00007ffcde520000 - 0x00007ffcde7a4000 	C:\WINDOWS\WinSxS\amd64_microsoft.windows.common-controls_6595b64144ccf1df_6.0.18362.900_none_e6beb9d913147d17\COMCTL32.dll
0x00007ffcf5eb0000 - 0x00007ffcf5f4e000 	C:\WINDOWS\System32\msvcrt.dll
0x00007ffcf65e0000 - 0x00007ffcf6915000 	C:\WINDOWS\System32\combase.dll
0x00007ffcf6a50000 - 0x00007ffcf6b70000 	C:\WINDOWS\System32\RPCRT4.dll
0x00007ffcf5110000 - 0x00007ffcf5190000 	C:\WINDOWS\System32\bcryptPrimitives.dll
0x00007ffcf5ca0000 - 0x00007ffcf5cce000 	C:\WINDOWS\System32\IMM32.DLL
0x00007ffcd6e00000 - 0x00007ffcd6e9d000 	C:\Program Files\JetBrains\IntelliJ IDEA 2019.3.3\jbr\bin\msvcp140.dll
0x00007ffcadf20000 - 0x00007ffcae9db000 	C:\Program Files\JetBrains\IntelliJ IDEA 2019.3.3\jbr\bin\server\jvm.dll
0x00007ffcf70c0000 - 0x00007ffcf7163000 	C:\WINDOWS\System32\ADVAPI32.dll
0x00007ffcf7360000 - 0x00007ffcf73f7000 	C:\WINDOWS\System32\sechost.dll
0x00007ffcf6c60000 - 0x00007ffcf6c68000 	C:\WINDOWS\System32\PSAPI.DLL
0x00007ffcf0c50000 - 0x00007ffcf0c59000 	C:\WINDOWS\SYSTEM32\WSOCK32.dll
0x00007ffcf6570000 - 0x00007ffcf65df000 	C:\WINDOWS\System32\WS2_32.dll
0x00007ffcf22a0000 - 0x00007ffcf22c4000 	C:\WINDOWS\SYSTEM32\WINMM.dll
0x00007ffcee370000 - 0x00007ffcee37a000 	C:\WINDOWS\SYSTEM32\VERSION.dll
0x00007ffcf1e20000 - 0x00007ffcf1e4d000 	C:\WINDOWS\SYSTEM32\winmmbase.dll
0x00007ffcf43d0000 - 0x00007ffcf441a000 	C:\WINDOWS\System32\cfgmgr32.dll
0x00007ffcf4380000 - 0x00007ffcf4391000 	C:\WINDOWS\System32\kernel.appcore.dll
0x00007ffce7670000 - 0x00007ffce7681000 	C:\Program Files\JetBrains\IntelliJ IDEA 2019.3.3\jbr\bin\verify.dll
0x00007ffce20a0000 - 0x00007ffce2294000 	C:\WINDOWS\SYSTEM32\DBGHELP.DLL
0x00007ffce2020000 - 0x00007ffce204a000 	C:\WINDOWS\SYSTEM32\dbgcore.DLL
0x00007ffce6ba0000 - 0x00007ffce6bc9000 	C:\Program Files\JetBrains\IntelliJ IDEA 2019.3.3\jbr\bin\java.dll
0x00007ffcf0df0000 - 0x00007ffcf0dff000 	C:\Program Files\JetBrains\IntelliJ IDEA 2019.3.3\jbr\bin\instrument.dll
0x00007ffce75b0000 - 0x00007ffce75c7000 	C:\Program Files\JetBrains\IntelliJ IDEA 2019.3.3\jbr\bin\zip.dll
0x00007ffcef760000 - 0x00007ffcef76b000 	C:\Program Files\JetBrains\IntelliJ IDEA 2019.3.3\jbr\bin\jimage.dll
0x00007ffcf55b0000 - 0x00007ffcf5c96000 	C:\WINDOWS\System32\SHELL32.dll
0x00007ffcf6920000 - 0x00007ffcf69c9000 	C:\WINDOWS\System32\shcore.dll
0x00007ffcf4420000 - 0x00007ffcf4ba0000 	C:\WINDOWS\System32\windows.storage.dll
0x00007ffcf43a0000 - 0x00007ffcf43c3000 	C:\WINDOWS\System32\profapi.dll
0x00007ffcf4310000 - 0x00007ffcf435a000 	C:\WINDOWS\System32\powrprof.dll
0x00007ffcf4300000 - 0x00007ffcf4310000 	C:\WINDOWS\System32\UMPDC.dll
0x00007ffcf6ee0000 - 0x00007ffcf6f32000 	C:\WINDOWS\System32\shlwapi.dll
0x00007ffcf5050000 - 0x00007ffcf5067000 	C:\WINDOWS\System32\cryptsp.dll
0x00007ffce7570000 - 0x00007ffce758a000 	C:\Program Files\JetBrains\IntelliJ IDEA 2019.3.3\jbr\bin\net.dll
0x00007ffce7e40000 - 0x00007ffce7f30000 	C:\WINDOWS\SYSTEM32\WINHTTP.dll
0x00007ffcf3b70000 - 0x00007ffcf3bd7000 	C:\WINDOWS\system32\mswsock.dll
0x00007ffce7440000 - 0x00007ffce7454000 	C:\Program Files\JetBrains\IntelliJ IDEA 2019.3.3\jbr\bin\nio.dll
0x00007ffce55a0000 - 0x00007ffce55ba000 	C:\Program Files\JetBrains\IntelliJ IDEA 2019.3.3\bin\breakgen64.dll
0x00007ffcf38c0000 - 0x00007ffcf398b000 	C:\WINDOWS\SYSTEM32\DNSAPI.dll
0x00007ffcf6b80000 - 0x00007ffcf6b88000 	C:\WINDOWS\System32\NSI.dll
0x00007ffcf3880000 - 0x00007ffcf38ba000 	C:\WINDOWS\SYSTEM32\IPHLPAPI.DLL
0x00007ffcea940000 - 0x00007ffcea94a000 	C:\Windows\System32\rasadhlp.dll
0x00007ffcec0d0000 - 0x00007ffcec147000 	C:\WINDOWS\System32\fwpuclnt.dll
0x00007ffcf5020000 - 0x00007ffcf5046000 	C:\WINDOWS\System32\bcrypt.dll
0x00007ffcef3b0000 - 0x00007ffcef3ba000 	C:\Program Files\JetBrains\IntelliJ IDEA 2019.3.3\jbr\bin\management.dll
0x00007ffceddc0000 - 0x00007ffceddcc000 	C:\Program Files\JetBrains\IntelliJ IDEA 2019.3.3\jbr\bin\management_ext.dll
0x00007ffcf36e0000 - 0x00007ffcf3713000 	C:\WINDOWS\system32\rsaenh.dll
0x00007ffcf41f0000 - 0x00007ffcf4215000 	C:\WINDOWS\SYSTEM32\USERENV.dll
0x00007ffcf3d40000 - 0x00007ffcf3d4c000 	C:\WINDOWS\SYSTEM32\CRYPTBASE.dll
0x00007ffced160000 - 0x00007ffced176000 	C:\WINDOWS\SYSTEM32\dhcpcsvc6.DLL
0x00007ffced2e0000 - 0x00007ffced2fc000 	C:\WINDOWS\SYSTEM32\dhcpcsvc.DLL
0x00007ffcdd710000 - 0x00007ffcdd726000 	C:\WINDOWS\system32\napinsp.dll
0x00007ffcd84c0000 - 0x00007ffcd84da000 	C:\WINDOWS\system32\pnrpnsp.dll
0x00007ffcd84a0000 - 0x00007ffcd84b5000 	C:\WINDOWS\system32\wshbth.dll
0x00007ffcf0b50000 - 0x00007ffcf0b6c000 	C:\WINDOWS\system32\NLAapi.dll
0x00007ffcf0b10000 - 0x00007ffcf0b1e000 	C:\WINDOWS\System32\winrnr.dll

dbghelp: loaded successfully - version: 4.0.5 - missing functions: none
symbol engine: initialized successfully - sym options: 0x614 - pdb path: .;C:\Program Files\JetBrains\IntelliJ IDEA 2019.3.3\jbr\bin;C:\WINDOWS\SYSTEM32;C:\WINDOWS\WinSxS\amd64_microsoft.windows.common-controls_6595b64144ccf1df_6.0.18362.900_none_e6beb9d913147d17;C:\Program Files\JetBrains\IntelliJ IDEA 2019.3.3\jbr\bin\server;C:\Program Files\JetBrains\IntelliJ IDEA 2019.3.3\bin

VM Arguments:
jvm_args: -XX:TieredStopAtLevel=1 -Xverify:none -Dspring.output.ansi.enabled=always -Dcom.sun.management.jmxremote -Dspring.jmx.enabled=true -Dspring.liveBeansView.mbeanDomain -Dspring.application.admin.enabled=true -javaagent:C:\Program Files\JetBrains\IntelliJ IDEA 2019.3.3\lib\idea_rt.jar=54233:C:\Program Files\JetBrains\IntelliJ IDEA 2019.3.3\bin -Dfile.encoding=UTF-8 
java_command: com.example.RestTest.RestTestApplication
java_class_path (initial): C:\Users\tonis\IdeaProjects\RestTest\build\classes\java\main;C:\Users\tonis\IdeaProjects\RestTest\build\resources\main;C:\Users\tonis\.gradle\caches\modules-2\files-2.1\org.springframework.boot\spring-boot-starter-websocket\2.3.1.RELEASE\60241badc57e9d195a4d0cf206ba8dcd2f6861a3\spring-boot-starter-websocket-2.3.1.RELEASE.jar;C:\Users\tonis\.gradle\caches\modules-2\files-2.1\org.springframework.boot\spring-boot-starter-data-jpa\2.2.6.RELEASE\e6bfecf4694867d815514799ea23a937c623f496\spring-boot-starter-data-jpa-2.2.6.RELEASE.jar;C:\Users\tonis\.gradle\caches\modules-2\files-2.1\org.springframework.session\spring-session-jdbc\2.2.2.RELEASE\c2075278219c8b5eeb9c8aa9f383c5f83d1f4bef\spring-session-jdbc-2.2.2.RELEASE.jar;C:\Users\tonis\.gradle\caches\modules-2\files-2.1\org.springframework.boot\spring-boot-starter-thymeleaf\2.2.6.RELEASE\4ea7956f653e37d12ee6d4bb14f14d6275223388\spring-boot-starter-thymeleaf-2.2.6.RELEASE.jar;C:\Users\tonis\.gradle\caches\modules-2\files-2.1\org.projectlombok\lombok\1.18.12\48e4e5d60309ebd833bc528dcf77668eab3cd72c\lombok-1.18.12.jar;C:\Users\tonis\.gradle\caches\modules-2\files-2.1\org.springframework.boot\spring-boot-starter-security\2.2.6.RELEASE\27b75e738d353de4475df6751852bacf3832afec\spring-boot-starter-security-2.2.6.RELEASE.jar;C:\Users\tonis\.gradle\caches\modules-2\files-2.1\org.springframework.security.oauth.boot\spring-security-oauth2-autoconfigure\2.0.0.RELEASE\33a13c816d32b6360c4ab4fa34a80dbab4b4bbf1\spring-security-oauth2-autoconfigure-2.0.0.RELEASE.jar;C:\Users\tonis\.gradle\caches\modules-2\files-2.1\org.springframework.boot\spring-boot-starter-web\2.2.6.RELEASE\4f76853c40cd6c7a0214083b36cd8cfe7c5d7b48\spring-boot-starter-web-2.2.6.RELEASE.jar;C:\Users\tonis\.gradle\caches\modules-2\files-2.1\org.springframework.boot\spring-boot-starter-aop\2.2.6.RELEASE\fc76ce1ca3725c25355703de2ff1015d6b8c80b6\spring-boot-starter-aop-2.2.6.RELEASE.jar;C:\Users\tonis\.gradle\caches\modules-2\files-2.1\org.springf
Launcher Type: SUN_STANDARD

[Global flags]
     bool BytecodeVerificationLocal                = false                                     {product} {command line}
     bool BytecodeVerificationRemote               = false                                     {product} {command line}
     intx CICompilerCount                          = 4                                         {product} {ergonomic}
     uint ConcGCThreads                            = 2                                         {product} {ergonomic}
     uint G1ConcRefinementThreads                  = 8                                         {product} {ergonomic}
   size_t G1HeapRegionSize                         = 1048576                                   {product} {ergonomic}
    uintx GCDrainStackTargetSize                   = 64                                        {product} {ergonomic}
   size_t InitialHeapSize                          = 199229440                                 {product} {ergonomic}
     bool ManagementServer                         = true                                      {product} {command line}
   size_t MarkStackSize                            = 4194304                                   {product} {ergonomic}
   size_t MaxHeapSize                              = 3181379584                                {product} {ergonomic}
   size_t MaxNewSize                               = 1908408320                                {product} {ergonomic}
   size_t MinHeapDeltaBytes                        = 1048576                                   {product} {ergonomic}
    uintx NonNMethodCodeHeapSize                   = 7549744                                {pd product} {ergonomic}
    uintx NonProfiledCodeHeapSize                  = 244108496                              {pd product} {ergonomic}
    uintx ProfiledCodeHeapSize                     = 0                                      {pd product} {ergonomic}
    uintx ReservedCodeCacheSize                    = 251658240                              {pd product} {ergonomic}
     bool SegmentedCodeCache                       = true                                      {product} {ergonomic}
     intx TieredStopAtLevel                        = 1                                         {product} {command line}
     bool UseCompressedClassPointers               = true                                 {lp64_product} {ergonomic}
     bool UseCompressedOops                        = true                                 {lp64_product} {ergonomic}
     bool UseG1GC                                  = true                                      {product} {ergonomic}
     bool UseLargePagesIndividualAllocation        = false                                  {pd product} {ergonomic}

Logging:
Log output configuration:
 #0: stdout all=warning uptime,level,tags
 #1: stderr all=off uptime,level,tags

Environment Variables:
JAVA_HOME=C:\Program Files\Java\jdk-14
PATH=C:\Program Files (x86)\Common Files\Oracle\Java\javapath;C:\WINDOWS\system32;C:\WINDOWS;C:\WINDOWS\System32\Wbem;C:\WINDOWS\System32\WindowsPowerShell\v1.0\;C:\WINDOWS\System32\OpenSSH\;C:\Program Files\NVIDIA Corporation\NVIDIA NvDLISR;C:\Program Files (x86)\NoteBook FanControl\;C:\Program Files\Git\cmd;C:\Program Files\dotnet\;C:\Program Files (x86)\NVIDIA Corporation\PhysX\Common;C:\Program Files\PuTTY\;E:\maven\apache-maven-3.6.3\bin;C:\Program Files (x86)\Yarn\bin\;C:\Program Files\nodejs\;C:\Program Files\MySQL\MySQL Shell 8.0\bin\;C:\Users\tonis\AppData\Local\Microsoft\WindowsApps;;C:\Program Files\JetBrains\IntelliJ IDEA 2019.3.3\bin;;C:\Program Files\JetBrains\PyCharm 2019.3.3\bin;;C:\Program Files\JetBrains\CLion 2019.3.4\bin;;C:\Users\tonis\AppData\Local\Yarn\bin;C:\Users\tonis\AppData\Roaming\npm
USERNAME=tonis
OS=Windows_NT
PROCESSOR_IDENTIFIER=Intel64 Family 6 Model 158 Stepping 10, GenuineIntel



---------------  S Y S T E M  ---------------

OS: Windows 10 , 64 bit Build 18362 (10.0.18362.900)

CPU:total 8 (initial active 8) (4 cores per cpu, 2 threads per core) family 6 model 158 stepping 10, cmov, cx8, fxsr, mmx, sse, sse2, sse3, ssse3, sse4.1, sse4.2, popcnt, avx, avx2, aes, clmul, erms, 3dnowpref, lzcnt, ht, tsc, tscinvbit, bmi1, bmi2, adx, fma

Memory: 4k page, system-wide physical 12128M (391M free)
TotalPageFile size 32128M (AvailPageFile size 17M)
current process WorkingSet (physical memory assigned to process): 226M, peak: 226M
current process commit charge ("private bytes"): 321M, peak: 359M

vm_info: OpenJDK 64-Bit Server VM (11.0.5+10-b520.38) for windows-amd64 JRE (11.0.5+10-b520.38), built on Jan 23 2020 07:58:32 by "" with MS VC++ 14.0 (VS2015)

END.
