#
# There is insufficient memory for the Java Runtime Environment to continue.
# Native memory allocation (malloc) failed to allocate 1048576 bytes for AllocateHeap
# Possible reasons:
#   The system is out of physical RAM or swap space
#   The process is running with CompressedOops enabled, and the Java Heap may be blocking the growth of the native heap
# Possible solutions:
#   Reduce memory load on the system
#   Increase physical memory or swap space
#   Check if swap backing store is full
#   Decrease Java heap size (-Xmx/-Xms)
#   Decrease number of Java threads
#   Decrease Java thread stack sizes (-Xss)
#   Set larger code cache with -XX:ReservedCodeCacheSize=
#   JVM is running with Zero Based Compressed Oops mode in which the Java heap is
#     placed in the first 32GB address space. The Java Heap base address is the
#     maximum limit for the native heap growth. Please use -XX:HeapBaseMinAddress
#     to set the Java Heap base and to place the Java Heap above 32GB virtual address.
# This output file may be truncated or incomplete.
#
#  Out of Memory Error (c:/BuildAgent/work/5ff2f6c26000d570/src/hotspot/share/memory/allocation.cpp:46), pid=9860, tid=16868
#
# JRE version: OpenJDK Runtime Environment (11.0.5+10) (build 11.0.5+10-b520.38)
# Java VM: OpenJDK 64-Bit Server VM (11.0.5+10-b520.38, mixed mode, sharing, tiered, compressed oops, g1 gc, windows-amd64)
# No core dump will be written. Minidumps are not enabled by default on client versions of Windows
#

---------------  S U M M A R Y ------------

Command Line: -XX:TieredStopAtLevel=1 -Xverify:none -Dspring.output.ansi.enabled=always -Dcom.sun.management.jmxremote -Dspring.jmx.enabled=true -Dspring.liveBeansView.mbeanDomain -Dspring.application.admin.enabled=true -javaagent:C:\Program Files\JetBrains\IntelliJ IDEA 2019.3.3\lib\idea_rt.jar=55214:C:\Program Files\JetBrains\IntelliJ IDEA 2019.3.3\bin -Dfile.encoding=UTF-8 com.example.RestTest.RestTestApplication

Host: Intel(R) Core(TM) i5-8300H CPU @ 2.30GHz, 8 cores, 11G,  Windows 10 , 64 bit Build 18362 (10.0.18362.900)
Time: Thu Jul  2 19:09:05 2020 FLE Daylight Time elapsed time: 5 seconds (0d 0h 0m 5s)

---------------  T H R E A D  ---------------

Current thread (0x000001ccb26a8800):  VMThread "VM Thread" [stack: 0x00000077a5e00000,0x00000077a5f00000] [id=16868]

Stack: [0x00000077a5e00000,0x00000077a5f00000]
[error occurred during error reporting (printing stack bounds), id 0xc0000005, EXCEPTION_ACCESS_VIOLATION (0xc0000005) at pc=0x000001cc99850dad]

Native frames: (J=compiled Java code, j=interpreted, Vv=VM code, C=native code)
V  [jvm.dll+0x5dcafa]
V  [jvm.dll+0x70e375]
V  [jvm.dll+0x70f898]
V  [jvm.dll+0x70fec5]
V  [jvm.dll+0x70fe7b]
V  [jvm.dll+0x5dc288]
V  [jvm.dll+0x5dc6e8]
C  [ntdll.dll+0xa11cf]
C  [ntdll.dll+0x6a209]
C  [ntdll.dll+0x9fe3e]
C  0x000001cc99850dad

VM_Operation (0x00000077a70f2ac0): CollectForMetadataAllocation, mode: safepoint, requested by thread 0x000001ccb3b09000


---------------  P R O C E S S  ---------------

Threads class SMR info:
_java_thread_list=0x000001ccb44ee8a0, length=18, elements={
0x000001cc957a6800, 0x000001ccb26aa800, 0x000001ccb26ab800, 0x000001ccb2ec5000,
0x000001ccb2ec6800, 0x000001ccb2ec8800, 0x000001ccb2ed5800, 0x000001ccb2fc9000,
0x000001ccb3544000, 0x000001ccb354a800, 0x000001ccb36e2000, 0x000001ccb3b07800,
0x000001ccb3b09000, 0x000001ccb3b83000, 0x000001ccb41a9000, 0x000001ccb4fbc800,
0x000001ccb6641000, 0x000001ccb681a000
}

Java Threads: ( => current thread )
  0x000001cc957a6800 JavaThread "main" [_thread_blocked, id=9032, stack(0x00000077a5800000,0x00000077a5900000)]
  0x000001ccb26aa800 JavaThread "Reference Handler" daemon [_thread_blocked, id=14956, stack(0x00000077a5f00000,0x00000077a6000000)]
  0x000001ccb26ab800 JavaThread "Finalizer" daemon [_thread_blocked, id=4176, stack(0x00000077a6000000,0x00000077a6100000)]
  0x000001ccb2ec5000 JavaThread "Signal Dispatcher" daemon [_thread_blocked, id=12020, stack(0x00000077a6200000,0x00000077a6300000)]
  0x000001ccb2ec6800 JavaThread "Attach Listener" daemon [_thread_blocked, id=1564, stack(0x00000077a6300000,0x00000077a6400000)]
  0x000001ccb2ec8800 JavaThread "C1 CompilerThread0" daemon [_thread_blocked, id=13352, stack(0x00000077a6400000,0x00000077a6500000)]
  0x000001ccb2ed5800 JavaThread "Sweeper thread" daemon [_thread_blocked, id=15240, stack(0x00000077a6500000,0x00000077a6600000)]
  0x000001ccb2fc9000 JavaThread "Common-Cleaner" daemon [_thread_blocked, id=15156, stack(0x00000077a6600000,0x00000077a6700000)]
  0x000001ccb3544000 JavaThread "Monitor Ctrl-Break" daemon [_thread_in_native, id=1648, stack(0x00000077a6700000,0x00000077a6800000)]
  0x000001ccb354a800 JavaThread "Service Thread" daemon [_thread_blocked, id=13040, stack(0x00000077a6800000,0x00000077a6900000)]
  0x000001ccb36e2000 JavaThread "RMI TCP Accept-0" daemon [_thread_in_native, id=9348, stack(0x00000077a6900000,0x00000077a6a00000)]
  0x000001ccb3b07800 JavaThread "Thread-0" [_thread_blocked, id=18000, stack(0x00000077a6f00000,0x00000077a7000000)]
  0x000001ccb3b09000 JavaThread "restartedMain" [_thread_blocked, id=1152, stack(0x00000077a7000000,0x00000077a7100000)]
  0x000001ccb3b83000 JavaThread "RMI TCP Connection(1)-192.168.220.1" daemon [_thread_in_native, id=5688, stack(0x00000077a7600000,0x00000077a7700000)]
  0x000001ccb41a9000 JavaThread "RMI Scheduler(0)" daemon [_thread_blocked, id=6096, stack(0x00000077a7700000,0x00000077a7800000)]
  0x000001ccb4fbc800 JavaThread "mysql-cj-abandoned-connection-cleanup" daemon [_thread_blocked, id=11072, stack(0x00000077a7800000,0x00000077a7900000)]
  0x000001ccb6641000 JavaThread "HikariPool-1 housekeeper" daemon [_thread_blocked, id=16232, stack(0x00000077a7a00000,0x00000077a7b00000)]
  0x000001ccb681a000 JavaThread "HikariPool-1 connection adder" daemon [_thread_blocked, id=4604, stack(0x00000077a7b00000,0x00000077a7c00000)]

Other Threads:
=>0x000001ccb26a8800 VMThread "VM Thread" [stack: 0x00000077a5e00000,0x00000077a5f00000] [id=16868]
  0x000001ccb36e6800 WatcherThread [stack: 0x00000077a6a00000,0x00000077a6b00000] [id=12968]
  0x000001cc957c0800 GCTaskThread "GC Thread#0" [stack: 0x00000077a5900000,0x00000077a5a00000] [id=9952]
  0x000001ccb3a0d800 GCTaskThread "GC Thread#1" [stack: 0x00000077a6b00000,0x00000077a6c00000] [id=8036]
  0x000001ccb39a0000 GCTaskThread "GC Thread#2" [stack: 0x00000077a6c00000,0x00000077a6d00000] [id=7940]
  0x000001ccb3a04800 GCTaskThread "GC Thread#3" [stack: 0x00000077a6d00000,0x00000077a6e00000] [id=12864]
  0x000001ccb363b000 GCTaskThread "GC Thread#4" [stack: 0x00000077a7200000,0x00000077a7300000] [id=5708]
  0x000001ccb363b800 GCTaskThread "GC Thread#5" [stack: 0x00000077a7300000,0x00000077a7400000] [id=3948]
  0x000001ccb363d800 GCTaskThread "GC Thread#6" [stack: 0x00000077a7400000,0x00000077a7500000] [id=18308]
  0x000001ccb363e800 GCTaskThread "GC Thread#7" [stack: 0x00000077a7500000,0x00000077a7600000] [id=13620]
  0x000001cc95808800 ConcurrentGCThread "G1 Main Marker" [stack: 0x00000077a5a00000,0x00000077a5b00000] [id=15052]
  0x000001cc9580c000 ConcurrentGCThread "G1 Conc#0" [stack: 0x00000077a5b00000,0x00000077a5c00000] [id=10776]
  0x000001ccb498c000 ConcurrentGCThread "G1 Conc#1" [stack: 0x00000077a7100000,0x00000077a7200000] [id=4744]
  0x000001ccb253b800 ConcurrentGCThread "G1 Refine#0" [stack: 0x00000077a5c00000,0x00000077a5d00000] [id=12404]
  0x000001ccb3253000 ConcurrentGCThread "G1 Refine#1" [stack: 0x00000077a6e00000,0x00000077a6f00000] [id=13476]
  0x000001ccb253d800 ConcurrentGCThread "G1 Young RemSet Sampling" [stack: 0x00000077a5d00000,0x00000077a5e00000] [id=11816]

Threads with active compile tasks:

VM state:at safepoint (normal execution)

VM Mutex/Monitor currently owned by a thread:  ([mutex/lock_event])
[0x000001cc957a2ed0] Threads_lock - owner thread: 0x000001ccb26a8800
[0x000001cc957a3110] Heap_lock - owner thread: 0x000001ccb3b09000

Heap address: 0x0000000742600000, size: 3034 MB, Compressed Oops mode: Zero based, Oop shift amount: 3
Narrow klass base: 0x0000000800000000, Narrow klass shift: 3
Compressed class space size: 1073741824 Address: 0x0000000840000000

Heap:
 garbage-first heap   total 233472K, used 28722K [0x0000000742600000, 0x0000000800000000)
  region size 1024K, 16 young (16384K), 16 survivors (16384K)
 Metaspace       used 42811K, capacity 44252K, committed 44336K, reserved 1103872K
  class space    used 5885K, capacity 6467K, committed 6528K, reserved 1048576K
Heap Regions: E=young(eden), S=young(survivor), O=old, HS=humongous(starts), HC=humongous(continues), CS=collection set, F=free, A=archive, TAMS=top-at-mark-start (previous, next)
|   0|0x0000000742600000, 0x0000000742700000, 0x0000000742700000|100%|HS|  |TAMS 0x0000000742700000, 0x0000000742700000| Complete 
|   1|0x0000000742700000, 0x0000000742800000, 0x0000000742800000|100%| O|  |TAMS 0x0000000742800000, 0x0000000742800000| Untracked 
|   2|0x0000000742800000, 0x0000000742900000, 0x0000000742900000|100%| O|  |TAMS 0x0000000742900000, 0x0000000742900000| Untracked 
|   3|0x0000000742900000, 0x0000000742a00000, 0x0000000742a00000|100%| O|  |TAMS 0x0000000742a00000, 0x0000000742a00000| Untracked 
|   4|0x0000000742a00000, 0x0000000742affff8, 0x0000000742b00000| 99%| O|  |TAMS 0x0000000742affff8, 0x0000000742affff8| Untracked 
|   5|0x0000000742b00000, 0x0000000742c00000, 0x0000000742c00000|100%| O|  |TAMS 0x0000000742c00000, 0x0000000742c00000| Untracked 
|   6|0x0000000742c00000, 0x0000000742d00000, 0x0000000742d00000|100%| O|  |TAMS 0x0000000742d00000, 0x0000000742d00000| Untracked 
|   7|0x0000000742d00000, 0x0000000742e00000, 0x0000000742e00000|100%| O|  |TAMS 0x0000000742e00000, 0x0000000742e00000| Untracked 
|   8|0x0000000742e00000, 0x0000000742e00000, 0x0000000742f00000|  0%| F|  |TAMS 0x0000000742e00000, 0x0000000742e00000| Untracked 
|   9|0x0000000742f00000, 0x0000000743000000, 0x0000000743000000|100%| O|  |TAMS 0x0000000743000000, 0x0000000743000000| Untracked 
|  10|0x0000000743000000, 0x0000000743100000, 0x0000000743100000|100%| O|  |TAMS 0x0000000743100000, 0x0000000743100000| Untracked 
|  11|0x0000000743100000, 0x0000000743200000, 0x0000000743200000|100%| O|  |TAMS 0x0000000743200000, 0x0000000743200000| Untracked 
|  12|0x0000000743200000, 0x0000000743300000, 0x0000000743300000|100%| O|  |TAMS 0x0000000743300000, 0x0000000743300000| Untracked 
|  13|0x0000000743300000, 0x000000074337b200, 0x0000000743400000| 48%| O|  |TAMS 0x000000074337b200, 0x000000074337b200| Untracked 
|  14|0x0000000743400000, 0x0000000743400000, 0x0000000743500000|  0%| F|  |TAMS 0x0000000743400000, 0x0000000743400000| Untracked 
|  15|0x0000000743500000, 0x0000000743500000, 0x0000000743600000|  0%| F|  |TAMS 0x0000000743500000, 0x0000000743500000| Untracked 
|  16|0x0000000743600000, 0x0000000743600000, 0x0000000743700000|  0%| F|  |TAMS 0x0000000743600000, 0x0000000743600000| Untracked 
|  17|0x0000000743700000, 0x0000000743700000, 0x0000000743800000|  0%| F|  |TAMS 0x0000000743700000, 0x0000000743700000| Untracked 
|  18|0x0000000743800000, 0x0000000743800000, 0x0000000743900000|  0%| F|  |TAMS 0x0000000743800000, 0x0000000743800000| Untracked 
|  19|0x0000000743900000, 0x0000000743900000, 0x0000000743a00000|  0%| F|  |TAMS 0x0000000743900000, 0x0000000743900000| Untracked 
|  20|0x0000000743a00000, 0x0000000743a00000, 0x0000000743b00000|  0%| F|  |TAMS 0x0000000743a00000, 0x0000000743a00000| Untracked 
|  21|0x0000000743b00000, 0x0000000743b00000, 0x0000000743c00000|  0%| F|  |TAMS 0x0000000743b00000, 0x0000000743b00000| Untracked 
|  22|0x0000000743c00000, 0x0000000743c00000, 0x0000000743d00000|  0%| F|  |TAMS 0x0000000743c00000, 0x0000000743c00000| Untracked 
|  23|0x0000000743d00000, 0x0000000743d00000, 0x0000000743e00000|  0%| F|  |TAMS 0x0000000743d00000, 0x0000000743d00000| Untracked 
|  24|0x0000000743e00000, 0x0000000743e00000, 0x0000000743f00000|  0%| F|  |TAMS 0x0000000743e00000, 0x0000000743e00000| Untracked 
|  25|0x0000000743f00000, 0x0000000743f00000, 0x0000000744000000|  0%| F|  |TAMS 0x0000000743f00000, 0x0000000743f00000| Untracked 
|  26|0x0000000744000000, 0x0000000744000000, 0x0000000744100000|  0%| F|  |TAMS 0x0000000744000000, 0x0000000744000000| Untracked 
|  27|0x0000000744100000, 0x0000000744100000, 0x0000000744200000|  0%| F|  |TAMS 0x0000000744100000, 0x0000000744100000| Untracked 
|  28|0x0000000744200000, 0x0000000744200000, 0x0000000744300000|  0%| F|  |TAMS 0x0000000744200000, 0x0000000744200000| Untracked 
|  29|0x0000000744300000, 0x0000000744300000, 0x0000000744400000|  0%| F|  |TAMS 0x0000000744300000, 0x0000000744300000| Untracked 
|  30|0x0000000744400000, 0x0000000744400000, 0x0000000744500000|  0%| F|  |TAMS 0x0000000744400000, 0x0000000744400000| Untracked 
|  31|0x0000000744500000, 0x0000000744500000, 0x0000000744600000|  0%| F|  |TAMS 0x0000000744500000, 0x0000000744500000| Untracked 
|  32|0x0000000744600000, 0x0000000744600000, 0x0000000744700000|  0%| F|  |TAMS 0x0000000744600000, 0x0000000744600000| Untracked 
|  33|0x0000000744700000, 0x0000000744700000, 0x0000000744800000|  0%| F|  |TAMS 0x0000000744700000, 0x0000000744700000| Untracked 
|  34|0x0000000744800000, 0x0000000744800000, 0x0000000744900000|  0%| F|  |TAMS 0x0000000744800000, 0x0000000744800000| Untracked 
|  35|0x0000000744900000, 0x0000000744900000, 0x0000000744a00000|  0%| F|  |TAMS 0x0000000744900000, 0x0000000744900000| Untracked 
|  36|0x0000000744a00000, 0x0000000744a00000, 0x0000000744b00000|  0%| F|  |TAMS 0x0000000744a00000, 0x0000000744a00000| Untracked 
|  37|0x0000000744b00000, 0x0000000744b00000, 0x0000000744c00000|  0%| F|  |TAMS 0x0000000744b00000, 0x0000000744b00000| Untracked 
|  38|0x0000000744c00000, 0x0000000744c00000, 0x0000000744d00000|  0%| F|  |TAMS 0x0000000744c00000, 0x0000000744c00000| Untracked 
|  39|0x0000000744d00000, 0x0000000744d00000, 0x0000000744e00000|  0%| F|  |TAMS 0x0000000744d00000, 0x0000000744d00000| Untracked 
|  40|0x0000000744e00000, 0x0000000744e00000, 0x0000000744f00000|  0%| F|  |TAMS 0x0000000744e00000, 0x0000000744e00000| Untracked 
|  41|0x0000000744f00000, 0x0000000744f00000, 0x0000000745000000|  0%| F|  |TAMS 0x0000000744f00000, 0x0000000744f00000| Untracked 
|  42|0x0000000745000000, 0x0000000745000000, 0x0000000745100000|  0%| F|  |TAMS 0x0000000745000000, 0x0000000745000000| Untracked 
|  43|0x0000000745100000, 0x0000000745100000, 0x0000000745200000|  0%| F|  |TAMS 0x0000000745100000, 0x0000000745100000| Untracked 
|  44|0x0000000745200000, 0x0000000745200000, 0x0000000745300000|  0%| F|  |TAMS 0x0000000745200000, 0x0000000745200000| Untracked 
|  45|0x0000000745300000, 0x0000000745300000, 0x0000000745400000|  0%| F|  |TAMS 0x0000000745300000, 0x0000000745300000| Untracked 
|  46|0x0000000745400000, 0x0000000745400000, 0x0000000745500000|  0%| F|  |TAMS 0x0000000745400000, 0x0000000745400000| Untracked 
|  47|0x0000000745500000, 0x0000000745500000, 0x0000000745600000|  0%| F|  |TAMS 0x0000000745500000, 0x0000000745500000| Untracked 
|  48|0x0000000745600000, 0x0000000745600000, 0x0000000745700000|  0%| F|  |TAMS 0x0000000745600000, 0x0000000745600000| Untracked 
|  49|0x0000000745700000, 0x0000000745700000, 0x0000000745800000|  0%| F|  |TAMS 0x0000000745700000, 0x0000000745700000| Untracked 
|  50|0x0000000745800000, 0x0000000745800000, 0x0000000745900000|  0%| F|  |TAMS 0x0000000745800000, 0x0000000745800000| Untracked 
|  51|0x0000000745900000, 0x0000000745900000, 0x0000000745a00000|  0%| F|  |TAMS 0x0000000745900000, 0x0000000745900000| Untracked 
|  52|0x0000000745a00000, 0x0000000745a00000, 0x0000000745b00000|  0%| F|  |TAMS 0x0000000745a00000, 0x0000000745a00000| Untracked 
|  53|0x0000000745b00000, 0x0000000745b00000, 0x0000000745c00000|  0%| F|  |TAMS 0x0000000745b00000, 0x0000000745b00000| Untracked 
|  54|0x0000000745c00000, 0x0000000745c00000, 0x0000000745d00000|  0%| F|  |TAMS 0x0000000745c00000, 0x0000000745c00000| Untracked 
|  55|0x0000000745d00000, 0x0000000745d00000, 0x0000000745e00000|  0%| F|  |TAMS 0x0000000745d00000, 0x0000000745d00000| Untracked 
|  56|0x0000000745e00000, 0x0000000745e00000, 0x0000000745f00000|  0%| F|  |TAMS 0x0000000745e00000, 0x0000000745e00000| Untracked 
|  57|0x0000000745f00000, 0x0000000745f00000, 0x0000000746000000|  0%| F|  |TAMS 0x0000000745f00000, 0x0000000745f00000| Untracked 
|  58|0x0000000746000000, 0x0000000746000000, 0x0000000746100000|  0%| F|  |TAMS 0x0000000746000000, 0x0000000746000000| Untracked 
|  59|0x0000000746100000, 0x0000000746100000, 0x0000000746200000|  0%| F|  |TAMS 0x0000000746100000, 0x0000000746100000| Untracked 
|  60|0x0000000746200000, 0x0000000746200000, 0x0000000746300000|  0%| F|  |TAMS 0x0000000746200000, 0x0000000746200000| Untracked 
|  61|0x0000000746300000, 0x0000000746300000, 0x0000000746400000|  0%| F|  |TAMS 0x0000000746300000, 0x0000000746300000| Untracked 
|  62|0x0000000746400000, 0x0000000746400000, 0x0000000746500000|  0%| F|  |TAMS 0x0000000746400000, 0x0000000746400000| Untracked 
|  63|0x0000000746500000, 0x0000000746500000, 0x0000000746600000|  0%| F|  |TAMS 0x0000000746500000, 0x0000000746500000| Untracked 
|  64|0x0000000746600000, 0x0000000746600000, 0x0000000746700000|  0%| F|  |TAMS 0x0000000746600000, 0x0000000746600000| Untracked 
|  65|0x0000000746700000, 0x0000000746700000, 0x0000000746800000|  0%| F|  |TAMS 0x0000000746700000, 0x0000000746700000| Untracked 
|  66|0x0000000746800000, 0x0000000746800000, 0x0000000746900000|  0%| F|  |TAMS 0x0000000746800000, 0x0000000746800000| Untracked 
|  67|0x0000000746900000, 0x0000000746900000, 0x0000000746a00000|  0%| F|  |TAMS 0x0000000746900000, 0x0000000746900000| Untracked 
|  68|0x0000000746a00000, 0x0000000746a00000, 0x0000000746b00000|  0%| F|  |TAMS 0x0000000746a00000, 0x0000000746a00000| Untracked 
|  69|0x0000000746b00000, 0x0000000746b00000, 0x0000000746c00000|  0%| F|  |TAMS 0x0000000746b00000, 0x0000000746b00000| Untracked 
|  70|0x0000000746c00000, 0x0000000746c00000, 0x0000000746d00000|  0%| F|  |TAMS 0x0000000746c00000, 0x0000000746c00000| Untracked 
|  71|0x0000000746d00000, 0x0000000746d00000, 0x0000000746e00000|  0%| F|  |TAMS 0x0000000746d00000, 0x0000000746d00000| Untracked 
|  72|0x0000000746e00000, 0x0000000746e00000, 0x0000000746f00000|  0%| F|  |TAMS 0x0000000746e00000, 0x0000000746e00000| Untracked 
|  73|0x0000000746f00000, 0x0000000746f00000, 0x0000000747000000|  0%| F|  |TAMS 0x0000000746f00000, 0x0000000746f00000| Untracked 
|  74|0x0000000747000000, 0x0000000747000000, 0x0000000747100000|  0%| F|  |TAMS 0x0000000747000000, 0x0000000747000000| Untracked 
|  75|0x0000000747100000, 0x0000000747100000, 0x0000000747200000|  0%| F|  |TAMS 0x0000000747100000, 0x0000000747100000| Untracked 
|  76|0x0000000747200000, 0x0000000747200000, 0x0000000747300000|  0%| F|  |TAMS 0x0000000747200000, 0x0000000747200000| Untracked 
|  77|0x0000000747300000, 0x0000000747300000, 0x0000000747400000|  0%| F|  |TAMS 0x0000000747300000, 0x0000000747300000| Untracked 
|  78|0x0000000747400000, 0x0000000747400000, 0x0000000747500000|  0%| F|  |TAMS 0x0000000747400000, 0x0000000747400000| Untracked 
|  79|0x0000000747500000, 0x0000000747500000, 0x0000000747600000|  0%| F|  |TAMS 0x0000000747500000, 0x0000000747500000| Untracked 
|  80|0x0000000747600000, 0x0000000747600000, 0x0000000747700000|  0%| F|  |TAMS 0x0000000747600000, 0x0000000747600000| Untracked 
|  81|0x0000000747700000, 0x0000000747700000, 0x0000000747800000|  0%| F|  |TAMS 0x0000000747700000, 0x0000000747700000| Untracked 
|  82|0x0000000747800000, 0x0000000747800000, 0x0000000747900000|  0%| F|  |TAMS 0x0000000747800000, 0x0000000747800000| Untracked 
|  83|0x0000000747900000, 0x0000000747900000, 0x0000000747a00000|  0%| F|  |TAMS 0x0000000747900000, 0x0000000747900000| Untracked 
|  84|0x0000000747a00000, 0x0000000747a00000, 0x0000000747b00000|  0%| F|  |TAMS 0x0000000747a00000, 0x0000000747a00000| Untracked 
|  85|0x0000000747b00000, 0x0000000747b00000, 0x0000000747c00000|  0%| F|  |TAMS 0x0000000747b00000, 0x0000000747b00000| Untracked 
|  86|0x0000000747c00000, 0x0000000747c00000, 0x0000000747d00000|  0%| F|  |TAMS 0x0000000747c00000, 0x0000000747c00000| Untracked 
|  87|0x0000000747d00000, 0x0000000747d00000, 0x0000000747e00000|  0%| F|  |TAMS 0x0000000747d00000, 0x0000000747d00000| Untracked 
|  88|0x0000000747e00000, 0x0000000747e00000, 0x0000000747f00000|  0%| F|  |TAMS 0x0000000747e00000, 0x0000000747e00000| Untracked 
|  89|0x0000000747f00000, 0x0000000747f00000, 0x0000000748000000|  0%| F|  |TAMS 0x0000000747f00000, 0x0000000747f00000| Untracked 
|  90|0x0000000748000000, 0x0000000748000000, 0x0000000748100000|  0%| F|  |TAMS 0x0000000748000000, 0x0000000748000000| Untracked 
|  91|0x0000000748100000, 0x0000000748100000, 0x0000000748200000|  0%| F|  |TAMS 0x0000000748100000, 0x0000000748100000| Untracked 
|  92|0x0000000748200000, 0x0000000748200000, 0x0000000748300000|  0%| F|  |TAMS 0x0000000748200000, 0x0000000748200000| Untracked 
|  93|0x0000000748300000, 0x0000000748300000, 0x0000000748400000|  0%| F|  |TAMS 0x0000000748300000, 0x0000000748300000| Untracked 
|  94|0x0000000748400000, 0x0000000748400000, 0x0000000748500000|  0%| F|  |TAMS 0x0000000748400000, 0x0000000748400000| Untracked 
|  95|0x0000000748500000, 0x0000000748500000, 0x0000000748600000|  0%| F|  |TAMS 0x0000000748500000, 0x0000000748500000| Untracked 
|  96|0x0000000748600000, 0x0000000748600000, 0x0000000748700000|  0%| F|  |TAMS 0x0000000748600000, 0x0000000748600000| Untracked 
|  97|0x0000000748700000, 0x0000000748700000, 0x0000000748800000|  0%| F|  |TAMS 0x0000000748700000, 0x0000000748700000| Untracked 
|  98|0x0000000748800000, 0x0000000748800000, 0x0000000748900000|  0%| F|  |TAMS 0x0000000748800000, 0x0000000748800000| Untracked 
|  99|0x0000000748900000, 0x0000000748900000, 0x0000000748a00000|  0%| F|  |TAMS 0x0000000748900000, 0x0000000748900000| Untracked 
| 100|0x0000000748a00000, 0x0000000748a00000, 0x0000000748b00000|  0%| F|  |TAMS 0x0000000748a00000, 0x0000000748a00000| Untracked 
| 101|0x0000000748b00000, 0x0000000748b00000, 0x0000000748c00000|  0%| F|  |TAMS 0x0000000748b00000, 0x0000000748b00000| Untracked 
| 102|0x0000000748c00000, 0x0000000748c00000, 0x0000000748d00000|  0%| F|  |TAMS 0x0000000748c00000, 0x0000000748c00000| Untracked 
| 103|0x0000000748d00000, 0x0000000748d00000, 0x0000000748e00000|  0%| F|  |TAMS 0x0000000748d00000, 0x0000000748d00000| Untracked 
| 104|0x0000000748e00000, 0x0000000748e00000, 0x0000000748f00000|  0%| F|  |TAMS 0x0000000748e00000, 0x0000000748e00000| Untracked 
| 105|0x0000000748f00000, 0x0000000748f00000, 0x0000000749000000|  0%| F|  |TAMS 0x0000000748f00000, 0x0000000748f00000| Untracked 
| 106|0x0000000749000000, 0x0000000749000000, 0x0000000749100000|  0%| F|  |TAMS 0x0000000749000000, 0x0000000749000000| Untracked 
| 107|0x0000000749100000, 0x0000000749100000, 0x0000000749200000|  0%| F|  |TAMS 0x0000000749100000, 0x0000000749100000| Untracked 
| 108|0x0000000749200000, 0x0000000749200000, 0x0000000749300000|  0%| F|  |TAMS 0x0000000749200000, 0x0000000749200000| Untracked 
| 109|0x0000000749300000, 0x0000000749300000, 0x0000000749400000|  0%| F|  |TAMS 0x0000000749300000, 0x0000000749300000| Untracked 
| 110|0x0000000749400000, 0x0000000749400000, 0x0000000749500000|  0%| F|  |TAMS 0x0000000749400000, 0x0000000749400000| Untracked 
| 111|0x0000000749500000, 0x0000000749500000, 0x0000000749600000|  0%| F|  |TAMS 0x0000000749500000, 0x0000000749500000| Untracked 
| 112|0x0000000749600000, 0x0000000749600000, 0x0000000749700000|  0%| F|  |TAMS 0x0000000749600000, 0x0000000749600000| Untracked 
| 113|0x0000000749700000, 0x0000000749700000, 0x0000000749800000|  0%| F|  |TAMS 0x0000000749700000, 0x0000000749700000| Untracked 
| 114|0x0000000749800000, 0x0000000749800000, 0x0000000749900000|  0%| F|  |TAMS 0x0000000749800000, 0x0000000749800000| Untracked 
| 115|0x0000000749900000, 0x0000000749900000, 0x0000000749a00000|  0%| F|  |TAMS 0x0000000749900000, 0x0000000749900000| Untracked 
| 116|0x0000000749a00000, 0x0000000749a00000, 0x0000000749b00000|  0%| F|  |TAMS 0x0000000749a00000, 0x0000000749a00000| Untracked 
| 117|0x0000000749b00000, 0x0000000749b00000, 0x0000000749c00000|  0%| F|  |TAMS 0x0000000749b00000, 0x0000000749b00000| Untracked 
| 118|0x0000000749c00000, 0x0000000749c00000, 0x0000000749d00000|  0%| F|  |TAMS 0x0000000749c00000, 0x0000000749c00000| Untracked 
| 119|0x0000000749d00000, 0x0000000749d00000, 0x0000000749e00000|  0%| F|  |TAMS 0x0000000749d00000, 0x0000000749d00000| Untracked 
| 120|0x0000000749e00000, 0x0000000749e00000, 0x0000000749f00000|  0%| F|  |TAMS 0x0000000749e00000, 0x0000000749e00000| Untracked 
| 121|0x0000000749f00000, 0x0000000749f00000, 0x000000074a000000|  0%| F|  |TAMS 0x0000000749f00000, 0x0000000749f00000| Untracked 
| 122|0x000000074a000000, 0x000000074a000000, 0x000000074a100000|  0%| F|  |TAMS 0x000000074a000000, 0x000000074a000000| Untracked 
| 123|0x000000074a100000, 0x000000074a100000, 0x000000074a200000|  0%| F|  |TAMS 0x000000074a100000, 0x000000074a100000| Untracked 
| 124|0x000000074a200000, 0x000000074a200000, 0x000000074a300000|  0%| F|  |TAMS 0x000000074a200000, 0x000000074a200000| Untracked 
| 125|0x000000074a300000, 0x000000074a300000, 0x000000074a400000|  0%| F|  |TAMS 0x000000074a300000, 0x000000074a300000| Untracked 
| 126|0x000000074a400000, 0x000000074a400000, 0x000000074a500000|  0%| F|  |TAMS 0x000000074a400000, 0x000000074a400000| Untracked 
| 127|0x000000074a500000, 0x000000074a500000, 0x000000074a600000|  0%| F|  |TAMS 0x000000074a500000, 0x000000074a500000| Untracked 
| 128|0x000000074a600000, 0x000000074a600000, 0x000000074a700000|  0%| F|  |TAMS 0x000000074a600000, 0x000000074a600000| Untracked 
| 129|0x000000074a700000, 0x000000074a700000, 0x000000074a800000|  0%| F|  |TAMS 0x000000074a700000, 0x000000074a700000| Untracked 
| 130|0x000000074a800000, 0x000000074a800000, 0x000000074a900000|  0%| F|  |TAMS 0x000000074a800000, 0x000000074a800000| Untracked 
| 131|0x000000074a900000, 0x000000074a900000, 0x000000074aa00000|  0%| F|  |TAMS 0x000000074a900000, 0x000000074a900000| Untracked 
| 132|0x000000074aa00000, 0x000000074aa00000, 0x000000074ab00000|  0%| F|  |TAMS 0x000000074aa00000, 0x000000074aa00000| Untracked 
| 133|0x000000074ab00000, 0x000000074ab00000, 0x000000074ac00000|  0%| F|  |TAMS 0x000000074ab00000, 0x000000074ab00000| Untracked 
| 134|0x000000074ac00000, 0x000000074ac00000, 0x000000074ad00000|  0%| F|  |TAMS 0x000000074ac00000, 0x000000074ac00000| Untracked 
| 135|0x000000074ad00000, 0x000000074ad00000, 0x000000074ae00000|  0%| F|  |TAMS 0x000000074ad00000, 0x000000074ad00000| Untracked 
| 136|0x000000074ae00000, 0x000000074ae00000, 0x000000074af00000|  0%| F|  |TAMS 0x000000074ae00000, 0x000000074ae00000| Untracked 
| 137|0x000000074af00000, 0x000000074af00000, 0x000000074b000000|  0%| F|  |TAMS 0x000000074af00000, 0x000000074af00000| Untracked 
| 138|0x000000074b000000, 0x000000074b000000, 0x000000074b100000|  0%| F|  |TAMS 0x000000074b000000, 0x000000074b000000| Untracked 
| 139|0x000000074b100000, 0x000000074b100000, 0x000000074b200000|  0%| F|  |TAMS 0x000000074b100000, 0x000000074b100000| Untracked 
| 140|0x000000074b200000, 0x000000074b200000, 0x000000074b300000|  0%| F|  |TAMS 0x000000074b200000, 0x000000074b200000| Untracked 
| 141|0x000000074b300000, 0x000000074b300000, 0x000000074b400000|  0%| F|  |TAMS 0x000000074b300000, 0x000000074b300000| Untracked 
| 142|0x000000074b400000, 0x000000074b400000, 0x000000074b500000|  0%| F|  |TAMS 0x000000074b400000, 0x000000074b400000| Untracked 
| 143|0x000000074b500000, 0x000000074b500000, 0x000000074b600000|  0%| F|  |TAMS 0x000000074b500000, 0x000000074b500000| Untracked 
| 144|0x000000074b600000, 0x000000074b600000, 0x000000074b700000|  0%| F|  |TAMS 0x000000074b600000, 0x000000074b600000| Untracked 
| 145|0x000000074b700000, 0x000000074b700000, 0x000000074b800000|  0%| F|  |TAMS 0x000000074b700000, 0x000000074b700000| Untracked 
| 146|0x000000074b800000, 0x000000074b800000, 0x000000074b900000|  0%| F|  |TAMS 0x000000074b800000, 0x000000074b800000| Untracked 
| 147|0x000000074b900000, 0x000000074b900000, 0x000000074ba00000|  0%| F|  |TAMS 0x000000074b900000, 0x000000074b900000| Untracked 
| 148|0x000000074ba00000, 0x000000074ba00000, 0x000000074bb00000|  0%| F|  |TAMS 0x000000074ba00000, 0x000000074ba00000| Untracked 
| 149|0x000000074bb00000, 0x000000074bb00000, 0x000000074bc00000|  0%| F|  |TAMS 0x000000074bb00000, 0x000000074bb00000| Untracked 
| 150|0x000000074bc00000, 0x000000074bc00000, 0x000000074bd00000|  0%| F|  |TAMS 0x000000074bc00000, 0x000000074bc00000| Untracked 
| 151|0x000000074bd00000, 0x000000074bd00000, 0x000000074be00000|  0%| F|  |TAMS 0x000000074bd00000, 0x000000074bd00000| Untracked 
| 152|0x000000074be00000, 0x000000074be00000, 0x000000074bf00000|  0%| F|  |TAMS 0x000000074be00000, 0x000000074be00000| Untracked 
| 153|0x000000074bf00000, 0x000000074bf00000, 0x000000074c000000|  0%| F|  |TAMS 0x000000074bf00000, 0x000000074bf00000| Untracked 
| 154|0x000000074c000000, 0x000000074c000000, 0x000000074c100000|  0%| F|  |TAMS 0x000000074c000000, 0x000000074c000000| Untracked 
| 155|0x000000074c100000, 0x000000074c100000, 0x000000074c200000|  0%| F|  |TAMS 0x000000074c100000, 0x000000074c100000| Untracked 
| 156|0x000000074c200000, 0x000000074c200000, 0x000000074c300000|  0%| F|  |TAMS 0x000000074c200000, 0x000000074c200000| Untracked 
| 157|0x000000074c300000, 0x000000074c300000, 0x000000074c400000|  0%| F|  |TAMS 0x000000074c300000, 0x000000074c300000| Untracked 
| 158|0x000000074c400000, 0x000000074c400000, 0x000000074c500000|  0%| F|  |TAMS 0x000000074c400000, 0x000000074c400000| Untracked 
| 159|0x000000074c500000, 0x000000074c500000, 0x000000074c600000|  0%| F|  |TAMS 0x000000074c500000, 0x000000074c500000| Untracked 
| 160|0x000000074c600000, 0x000000074c6919c0, 0x000000074c700000| 56%| S|CS|TAMS 0x000000074c600000, 0x000000074c600000| Complete 
| 161|0x000000074c700000, 0x000000074c800000, 0x000000074c800000|100%| S|CS|TAMS 0x000000074c700000, 0x000000074c700000| Complete 
| 162|0x000000074c800000, 0x000000074c900000, 0x000000074c900000|100%| S|CS|TAMS 0x000000074c800000, 0x000000074c800000| Complete 
| 163|0x000000074c900000, 0x000000074ca00000, 0x000000074ca00000|100%| S|CS|TAMS 0x000000074c900000, 0x000000074c900000| Complete 
| 164|0x000000074ca00000, 0x000000074cb00000, 0x000000074cb00000|100%| S|CS|TAMS 0x000000074ca00000, 0x000000074ca00000| Complete 
| 165|0x000000074cb00000, 0x000000074cc00000, 0x000000074cc00000|100%| S|CS|TAMS 0x000000074cb00000, 0x000000074cb00000| Complete 
| 166|0x000000074cc00000, 0x000000074cd00000, 0x000000074cd00000|100%| S|CS|TAMS 0x000000074cc00000, 0x000000074cc00000| Complete 
| 167|0x000000074cd00000, 0x000000074ce00000, 0x000000074ce00000|100%| S|CS|TAMS 0x000000074cd00000, 0x000000074cd00000| Complete 
| 168|0x000000074ce00000, 0x000000074cf00000, 0x000000074cf00000|100%| S|CS|TAMS 0x000000074ce00000, 0x000000074ce00000| Complete 
| 169|0x000000074cf00000, 0x000000074d000000, 0x000000074d000000|100%| S|CS|TAMS 0x000000074cf00000, 0x000000074cf00000| Complete 
| 170|0x000000074d000000, 0x000000074d100000, 0x000000074d100000|100%| S|CS|TAMS 0x000000074d000000, 0x000000074d000000| Complete 
| 171|0x000000074d100000, 0x000000074d200000, 0x000000074d200000|100%| S|CS|TAMS 0x000000074d100000, 0x000000074d100000| Complete 
| 172|0x000000074d200000, 0x000000074d300000, 0x000000074d300000|100%| S|CS|TAMS 0x000000074d200000, 0x000000074d200000| Complete 
| 173|0x000000074d300000, 0x000000074d400000, 0x000000074d400000|100%| S|CS|TAMS 0x000000074d300000, 0x000000074d300000| Complete 
| 174|0x000000074d400000, 0x000000074d500000, 0x000000074d500000|100%| S|CS|TAMS 0x000000074d400000, 0x000000074d400000| Complete 
| 175|0x000000074d500000, 0x000000074d600000, 0x000000074d600000|100%| S|CS|TAMS 0x000000074d500000, 0x000000074d500000| Complete 
| 176|0x000000074d600000, 0x000000074d600000, 0x000000074d700000|  0%| F|  |TAMS 0x000000074d600000, 0x000000074d600000| Untracked 
| 177|0x000000074d700000, 0x000000074d700000, 0x000000074d800000|  0%| F|  |TAMS 0x000000074d700000, 0x000000074d700000| Untracked 
| 178|0x000000074d800000, 0x000000074d800000, 0x000000074d900000|  0%| F|  |TAMS 0x000000074d800000, 0x000000074d800000| Untracked 
| 179|0x000000074d900000, 0x000000074d900000, 0x000000074da00000|  0%| F|  |TAMS 0x000000074d900000, 0x000000074d900000| Untracked 
| 180|0x000000074da00000, 0x000000074da00000, 0x000000074db00000|  0%| F|  |TAMS 0x000000074da00000, 0x000000074da00000| Untracked 
| 181|0x000000074db00000, 0x000000074db00000, 0x000000074dc00000|  0%| F|  |TAMS 0x000000074db00000, 0x000000074db00000| Untracked 
| 182|0x000000074dc00000, 0x000000074dc00000, 0x000000074dd00000|  0%| F|  |TAMS 0x000000074dc00000, 0x000000074dc00000| Untracked 
| 183|0x000000074dd00000, 0x000000074dd00000, 0x000000074de00000|  0%| F|  |TAMS 0x000000074dd00000, 0x000000074dd00000| Untracked 
| 184|0x000000074de00000, 0x000000074de00000, 0x000000074df00000|  0%| F|  |TAMS 0x000000074de00000, 0x000000074de00000| Untracked 
| 185|0x000000074df00000, 0x000000074df00000, 0x000000074e000000|  0%| F|  |TAMS 0x000000074df00000, 0x000000074df00000| Untracked 
| 186|0x000000074e000000, 0x000000074e000000, 0x000000074e100000|  0%| F|  |TAMS 0x000000074e000000, 0x000000074e000000| Untracked 
| 187|0x000000074e100000, 0x000000074e100000, 0x000000074e200000|  0%| F|  |TAMS 0x000000074e100000, 0x000000074e100000| Untracked 
| 188|0x000000074e200000, 0x000000074e200000, 0x000000074e300000|  0%| F|  |TAMS 0x000000074e200000, 0x000000074e200000| Untracked 
| 189|0x000000074e300000, 0x000000074e300000, 0x000000074e400000|  0%| F|  |TAMS 0x000000074e300000, 0x000000074e300000| Untracked 
| 190|0x000000074e400000, 0x000000074e400000, 0x000000074e500000|  0%| F|  |TAMS 0x000000074e400000, 0x000000074e400000| Untracked 
| 191|0x000000074e500000, 0x000000074e500000, 0x000000074e600000|  0%| F|  |TAMS 0x000000074e500000, 0x000000074e500000| Untracked 
| 192|0x000000074e600000, 0x000000074e600000, 0x000000074e700000|  0%| F|  |TAMS 0x000000074e600000, 0x000000074e600000| Untracked 
| 193|0x000000074e700000, 0x000000074e700000, 0x000000074e800000|  0%| F|  |TAMS 0x000000074e700000, 0x000000074e700000| Untracked 
| 194|0x000000074e800000, 0x000000074e800000, 0x000000074e900000|  0%| F|  |TAMS 0x000000074e800000, 0x000000074e800000| Untracked 
| 195|0x000000074e900000, 0x000000074e900000, 0x000000074ea00000|  0%| F|  |TAMS 0x000000074e900000, 0x000000074e900000| Untracked 
| 196|0x000000074ea00000, 0x000000074ea00000, 0x000000074eb00000|  0%| F|  |TAMS 0x000000074ea00000, 0x000000074ea00000| Untracked 
| 197|0x000000074eb00000, 0x000000074eb00000, 0x000000074ec00000|  0%| F|  |TAMS 0x000000074eb00000, 0x000000074eb00000| Untracked 
| 198|0x000000074ec00000, 0x000000074ec00000, 0x000000074ed00000|  0%| F|  |TAMS 0x000000074ec00000, 0x000000074ec00000| Untracked 
| 199|0x000000074ed00000, 0x000000074ed00000, 0x000000074ee00000|  0%| F|  |TAMS 0x000000074ed00000, 0x000000074ed00000| Untracked 
| 200|0x000000074ee00000, 0x000000074ee00000, 0x000000074ef00000|  0%| F|  |TAMS 0x000000074ee00000, 0x000000074ee00000| Untracked 
| 201|0x000000074ef00000, 0x000000074ef00000, 0x000000074f000000|  0%| F|  |TAMS 0x000000074ef00000, 0x000000074ef00000| Untracked 
| 202|0x000000074f000000, 0x000000074f000000, 0x000000074f100000|  0%| F|  |TAMS 0x000000074f000000, 0x000000074f000000| Untracked 
| 203|0x000000074f100000, 0x000000074f100000, 0x000000074f200000|  0%| F|  |TAMS 0x000000074f100000, 0x000000074f100000| Untracked 
| 204|0x000000074f200000, 0x000000074f200000, 0x000000074f300000|  0%| F|  |TAMS 0x000000074f200000, 0x000000074f200000| Untracked 
| 205|0x000000074f300000, 0x000000074f300000, 0x000000074f400000|  0%| F|  |TAMS 0x000000074f300000, 0x000000074f300000| Untracked 
| 206|0x000000074f400000, 0x000000074f400000, 0x000000074f500000|  0%| F|  |TAMS 0x000000074f400000, 0x000000074f400000| Untracked 
| 207|0x000000074f500000, 0x000000074f500000, 0x000000074f600000|  0%| F|  |TAMS 0x000000074f500000, 0x000000074f500000| Untracked 
| 208|0x000000074f600000, 0x000000074f600000, 0x000000074f700000|  0%| F|  |TAMS 0x000000074f600000, 0x000000074f600000| Untracked 
| 209|0x000000074f700000, 0x000000074f700000, 0x000000074f800000|  0%| F|  |TAMS 0x000000074f700000, 0x000000074f700000| Untracked 
| 210|0x000000074f800000, 0x000000074f800000, 0x000000074f900000|  0%| F|  |TAMS 0x000000074f800000, 0x000000074f800000| Untracked 
| 211|0x000000074f900000, 0x000000074f900000, 0x000000074fa00000|  0%| F|  |TAMS 0x000000074f900000, 0x000000074f900000| Untracked 
| 212|0x000000074fa00000, 0x000000074fa00000, 0x000000074fb00000|  0%| F|  |TAMS 0x000000074fa00000, 0x000000074fa00000| Untracked 
| 213|0x000000074fb00000, 0x000000074fb00000, 0x000000074fc00000|  0%| F|  |TAMS 0x000000074fb00000, 0x000000074fb00000| Untracked 
| 214|0x000000074fc00000, 0x000000074fc00000, 0x000000074fd00000|  0%| F|  |TAMS 0x000000074fc00000, 0x000000074fc00000| Untracked 
| 215|0x000000074fd00000, 0x000000074fd00000, 0x000000074fe00000|  0%| F|  |TAMS 0x000000074fd00000, 0x000000074fd00000| Untracked 
| 216|0x000000074fe00000, 0x000000074fe00000, 0x000000074ff00000|  0%| F|  |TAMS 0x000000074fe00000, 0x000000074fe00000| Untracked 
| 217|0x000000074ff00000, 0x000000074ff00000, 0x0000000750000000|  0%| F|  |TAMS 0x000000074ff00000, 0x000000074ff00000| Untracked 
| 218|0x0000000750000000, 0x0000000750000000, 0x0000000750100000|  0%| F|  |TAMS 0x0000000750000000, 0x0000000750000000| Untracked 
| 219|0x0000000750100000, 0x0000000750100000, 0x0000000750200000|  0%| F|  |TAMS 0x0000000750100000, 0x0000000750100000| Untracked 
| 220|0x0000000750200000, 0x0000000750200000, 0x0000000750300000|  0%| F|  |TAMS 0x0000000750200000, 0x0000000750200000| Untracked 
| 221|0x0000000750300000, 0x0000000750300000, 0x0000000750400000|  0%| F|  |TAMS 0x0000000750300000, 0x0000000750300000| Untracked 
| 222|0x0000000750400000, 0x0000000750400000, 0x0000000750500000|  0%| F|  |TAMS 0x0000000750400000, 0x0000000750400000| Untracked 
| 223|0x0000000750500000, 0x0000000750500000, 0x0000000750600000|  0%| F|  |TAMS 0x0000000750500000, 0x0000000750500000| Untracked 
| 224|0x0000000750600000, 0x0000000750600000, 0x0000000750700000|  0%| F|  |TAMS 0x0000000750600000, 0x0000000750600000| Untracked 
| 225|0x0000000750700000, 0x0000000750700000, 0x0000000750800000|  0%| F|  |TAMS 0x0000000750700000, 0x0000000750700000| Untracked 
| 226|0x0000000750800000, 0x0000000750800000, 0x0000000750900000|  0%| F|  |TAMS 0x0000000750800000, 0x0000000750800000| Untracked 
| 227|0x0000000750900000, 0x0000000750900000, 0x0000000750a00000|  0%| F|  |TAMS 0x0000000750900000, 0x0000000750900000| Untracked 

Card table byte_map: [0x000001cca9170000,0x000001cca9760000] _byte_map_base: 0x000001cca575d000

Marking Bits (Prev, Next): (CMBitMap*) 0x000001cc957fbf68, (CMBitMap*) 0x000001cc957fbfa0
 Prev Bits: [0x000001cca9d50000, 0x000001ccaccb8000)
 Next Bits: [0x000001ccaccc0000, 0x000001ccafc28000)

Polling page: 0x000001cc935c0000

Metaspace:

Usage:
  Non-class:     36.90 MB capacity,    36.06 MB ( 98%) used,   701.06 KB (  2%) free+waste,   157.69 KB ( <1%) overhead. 
      Class:      6.32 MB capacity,     5.75 MB ( 91%) used,   503.05 KB (  8%) free+waste,    78.94 KB (  1%) overhead. 
       Both:     43.21 MB capacity,    41.81 MB ( 97%) used,     1.18 MB (  3%) free+waste,   236.63 KB ( <1%) overhead. 

Virtual space:
  Non-class space:       54.00 MB reserved,      36.92 MB ( 68%) committed 
      Class space:        1.00 GB reserved,       6.38 MB ( <1%) committed 
             Both:        1.05 GB reserved,      43.30 MB (  4%) committed 

Chunk freelists:
   Non-Class:  23.00 KB
       Class:  29.00 KB
        Both:  52.00 KB

MaxMetaspaceSize: 17179869184.00 GB
CompressedClassSpaceSize: 1.00 GB

CodeHeap 'non-profiled nmethods': size=238336Kb used=8152Kb max_used=8191Kb free=230184Kb
 bounds [0x000001cc99f90000, 0x000001cc9a790000, 0x000001cca8850000]
CodeHeap 'non-nmethods': size=7424Kb used=1244Kb max_used=1244Kb free=6179Kb
 bounds [0x000001cc99850000, 0x000001cc99ac0000, 0x000001cc99f90000]
 total_blobs=5626 nmethods=4737 adapters=525
 compilation: enabled
              stopped_count=2, restarted_count=2
 full_count=2

Compilation events (20 events):
Event: 5.006 Thread 0x000001ccb2ec8800 4746       1       com.mysql.cj.conf.IntegerPropertyDefinition::createRuntimeProperty (9 bytes)
Event: 5.006 Thread 0x000001ccb2ec8800 nmethod 4746 0x000001cc9a78ef90 code [0x000001cc9a78f140, 0x000001cc9a78f310]
Event: 5.007 Thread 0x000001ccb2ec8800 4747       1       org.hibernate.annotations.common.reflection.java.JavaReflectionManager::getMetadataProvider (23 bytes)
Event: 5.007 Thread 0x000001ccb2ec8800 nmethod 4747 0x000001cc9a78f410 code [0x000001cc9a78f5c0, 0x000001cc9a78f7d8]
Event: 5.008 Thread 0x000001ccb2ec8800 4748       1       org.hibernate.annotations.common.reflection.java.JavaXAnnotatedElement::getAnnotationReader (12 bytes)
Event: 5.008 Thread 0x000001ccb2ec8800 nmethod 4748 0x000001cc9a78f890 code [0x000001cc9a78fa60, 0x000001cc9a78fcd0]
Event: 5.008 Thread 0x000001ccb2ec8800 4749       1       org.hibernate.annotations.common.reflection.java.JavaReflectionManager::buildAnnotationReader (11 bytes)
Event: 5.008 Thread 0x000001ccb2ec8800 

Event: 5.025 Thread 0x000001ccb2ec8800 4751       1       sun.security.provider.HashDrbg::addBytes (130 bytes)
Event: 5.025 Thread 0x000001ccb2ec8800 nmethod 4751 0x000001cc99ff4b10 code [0x000001cc99ff4cc0, 0x000001cc99ff4ed8]
Event: 5.025 Thread 0x000001ccb2ec8800 4752       1       sun.security.jca.ProviderList$ServiceList$1::next (36 bytes)
Event: 5.025 Thread 0x000001ccb2ec8800 nmethod 4752 0x000001cc99fe3a10 code [0x000001cc99fe3be0, 0x000001cc99fe3e20]
Event: 5.031 Thread 0x000001ccb2ec8800 4754       1       sun.security.x509.X509CertInfo::get (289 bytes)
Event: 5.033 Thread 0x000001ccb2ec8800 

Event: 5.075 Thread 0x000001ccb2ec8800 4756       1       jdk.internal.misc.Unsafe::getAndAddInt (27 bytes)
Event: 5.076 Thread 0x000001ccb2ec8800 nmethod 4756 0x000001cc99fb7190 code [0x000001cc99fb7340, 0x000001cc99fb74b8]
Event: 5.077 Thread 0x000001ccb2ec8800 4758       1       java.lang.reflect.Field::setFieldAccessor (34 bytes)
Event: 5.077 Thread 0x000001ccb2ec8800 nmethod 4758 0x000001cc99ffa690 code [0x000001cc99ffa860, 0x000001cc99ffab90]
Event: 5.077 Thread 0x000001ccb2ec8800 4757       1       java.lang.reflect.Field::getRoot (5 bytes)
Event: 5.077 Thread 0x000001ccb2ec8800 nmethod 4757 0x000001cc99f91110 code [0x000001cc99f912c0, 0x000001cc99f913f8]

GC Heap History (16 events):
Event: 1.021 GC heap before
{Heap before GC invocations=0 (full 0):
 garbage-first heap   total 194560K, used 24576K [0x0000000742600000, 0x0000000800000000)
  region size 1024K, 24 young (24576K), 0 survivors (0K)
 Metaspace       used 5984K, capacity 6284K, committed 6528K, reserved 1056768K
  class space    used 748K, capacity 873K, committed 896K, reserved 1048576K
}
Event: 1.029 GC heap after
{Heap after GC invocations=1 (full 0):
 garbage-first heap   total 194560K, used 8270K [0x0000000742600000, 0x0000000800000000)
  region size 1024K, 3 young (3072K), 3 survivors (3072K)
 Metaspace       used 5984K, capacity 6284K, committed 6528K, reserved 1056768K
  class space    used 748K, capacity 873K, committed 896K, reserved 1048576K
}
Event: 1.263 GC heap before
{Heap before GC invocations=1 (full 0):
 garbage-first heap   total 194560K, used 68686K [0x0000000742600000, 0x0000000800000000)
  region size 1024K, 63 young (64512K), 3 survivors (3072K)
 Metaspace       used 7650K, capacity 8084K, committed 8448K, reserved 1056768K
  class space    used 980K, capacity 1155K, committed 1280K, reserved 1048576K
}
Event: 1.268 GC heap after
{Heap after GC invocations=2 (full 0):
 garbage-first heap   total 194560K, used 9294K [0x0000000742600000, 0x0000000800000000)
  region size 1024K, 4 young (4096K), 4 survivors (4096K)
 Metaspace       used 7650K, capacity 8084K, committed 8448K, reserved 1056768K
  class space    used 980K, capacity 1155K, committed 1280K, reserved 1048576K
}
Event: 1.643 GC heap before
{Heap before GC invocations=2 (full 0):
 garbage-first heap   total 194560K, used 74830K [0x0000000742600000, 0x0000000800000000)
  region size 1024K, 69 young (70656K), 4 survivors (4096K)
 Metaspace       used 17291K, capacity 18090K, committed 18432K, reserved 1064960K
  class space    used 2378K, capacity 2700K, committed 2816K, reserved 1048576K
}
Event: 1.647 GC heap after
{Heap after GC invocations=3 (full 0):
 garbage-first heap   total 194560K, used 11419K [0x0000000742600000, 0x0000000800000000)
  region size 1024K, 7 young (7168K), 7 survivors (7168K)
 Metaspace       used 17291K, capacity 18090K, committed 18432K, reserved 1064960K
  class space    used 2378K, capacity 2700K, committed 2816K, reserved 1048576K
}
Event: 2.247 GC heap before
{Heap before GC invocations=3 (full 0):
 garbage-first heap   total 194560K, used 96411K [0x0000000742600000, 0x0000000800000000)
  region size 1024K, 91 young (93184K), 7 survivors (7168K)
 Metaspace       used 19646K, capacity 20572K, committed 20864K, reserved 1067008K
  class space    used 2717K, capacity 3074K, committed 3200K, reserved 1048576K
}
Event: 2.254 GC heap after
{Heap after GC invocations=4 (full 0):
 garbage-first heap   total 194560K, used 13714K [0x0000000742600000, 0x0000000800000000)
  region size 1024K, 9 young (9216K), 9 survivors (9216K)
 Metaspace       used 19646K, capacity 20572K, committed 20864K, reserved 1067008K
  class space    used 2717K, capacity 3074K, committed 3200K, reserved 1048576K
}
Event: 2.357 GC heap before
{Heap before GC invocations=4 (full 0):
 garbage-first heap   total 194560K, used 22930K [0x0000000742600000, 0x0000000800000000)
  region size 1024K, 19 young (19456K), 9 survivors (9216K)
 Metaspace       used 20249K, capacity 21225K, committed 21296K, reserved 1067008K
  class space    used 2804K, capacity 3184K, committed 3200K, reserved 1048576K
}
Event: 2.369 GC heap after
{Heap after GC invocations=5 (full 0):
 garbage-first heap   total 233472K, used 13933K [0x0000000742600000, 0x0000000800000000)
  region size 1024K, 6 young (6144K), 6 survivors (6144K)
 Metaspace       used 20249K, capacity 21225K, committed 21296K, reserved 1067008K
  class space    used 2804K, capacity 3184K, committed 3200K, reserved 1048576K
}
Event: 3.523 GC heap before
{Heap before GC invocations=6 (full 0):
 garbage-first heap   total 233472K, used 146029K [0x0000000742600000, 0x0000000800000000)
  region size 1024K, 136 young (139264K), 6 survivors (6144K)
 Metaspace       used 28596K, capacity 29835K, committed 30000K, reserved 1075200K
  class space    used 3934K, capacity 4445K, committed 4480K, reserved 1048576K
}
Event: 3.533 GC heap after
{Heap after GC invocations=7 (full 0):
 garbage-first heap   total 233472K, used 20879K [0x0000000742600000, 0x0000000800000000)
  region size 1024K, 13 young (13312K), 13 survivors (13312K)
 Metaspace       used 28596K, capacity 29835K, committed 30000K, reserved 1075200K
  class space    used 3934K, capacity 4445K, committed 4480K, reserved 1048576K
}
Event: 4.405 GC heap before
{Heap before GC invocations=7 (full 0):
 garbage-first heap   total 233472K, used 116111K [0x0000000742600000, 0x0000000800000000)
  region size 1024K, 107 young (109568K), 13 survivors (13312K)
 Metaspace       used 34403K, capacity 35717K, committed 35888K, reserved 1079296K
  class space    used 4858K, capacity 5381K, committed 5504K, reserved 1048576K
}
Event: 4.425 GC heap after
{Heap after GC invocations=8 (full 0):
 garbage-first heap   total 233472K, used 21996K [0x0000000742600000, 0x0000000800000000)
  region size 1024K, 9 young (9216K), 9 survivors (9216K)
 Metaspace       used 34403K, capacity 35717K, committed 35888K, reserved 1079296K
  class space    used 4858K, capacity 5381K, committed 5504K, reserved 1048576K
}
Event: 5.081 GC heap before
{Heap before GC invocations=9 (full 0):
 garbage-first heap   total 233472K, used 74220K [0x0000000742600000, 0x0000000800000000)
  region size 1024K, 61 young (62464K), 9 survivors (9216K)
 Metaspace       used 42811K, capacity 44252K, committed 44336K, reserved 1101824K
  class space    used 5885K, capacity 6467K, committed 6528K, reserved 1048576K
}
Event: 5.097 GC heap after
{Heap after GC invocations=10 (full 0):
 garbage-first heap   total 233472K, used 28722K [0x0000000742600000, 0x0000000800000000)
  region size 1024K, 16 young (16384K), 16 survivors (16384K)
 Metaspace       used 42811K, capacity 44252K, committed 44336K, reserved 1101824K
  class space    used 5885K, capacity 6467K, committed 6528K, reserved 1048576K
}

Deoptimization events (2 events):
Event: 2.657 Thread 0x000001ccb3b09000 DEOPT PACKING pc=0x000001cc9a306c54 sp=0x00000077a70fcce0
Event: 2.657 Thread 0x000001ccb3b09000 DEOPT UNPACKING pc=0x000001cc998790ce sp=0x00000077a70fc248 mode 0

Classes redefined (0 events):
No events

Internal exceptions (20 events):
Event: 3.926 Thread 0x000001ccb3b09000 Exception <a 'java/lang/NullPointerException'{0x000000074c7c2bd0}> (0x000000074c7c2bd0) thrown at [c:/BuildAgent/work/5ff2f6c26000d570/src/hotspot/share/runtime/sharedRuntime.cpp, line 584]
Event: 3.926 Thread 0x000001ccb3b09000 Implicit null exception at 0x000001cc9a28cb15 to 0x000001cc9a28ce83
Event: 3.926 Thread 0x000001ccb3b09000 Exception <a 'java/lang/NullPointerException'{0x000000074c7c4518}> (0x000000074c7c4518) thrown at [c:/BuildAgent/work/5ff2f6c26000d570/src/hotspot/share/runtime/sharedRuntime.cpp, line 584]
Event: 3.927 Thread 0x000001ccb3b09000 Implicit null exception at 0x000001cc9a28cb15 to 0x000001cc9a28ce83
Event: 3.927 Thread 0x000001ccb3b09000 Exception <a 'java/lang/NullPointerException'{0x000000074c7c5e60}> (0x000000074c7c5e60) thrown at [c:/BuildAgent/work/5ff2f6c26000d570/src/hotspot/share/runtime/sharedRuntime.cpp, line 584]
Event: 3.927 Thread 0x000001ccb3b09000 Implicit null exception at 0x000001cc9a28cb15 to 0x000001cc9a28ce83
Event: 3.927 Thread 0x000001ccb3b09000 Exception <a 'java/lang/NullPointerException'{0x000000074c7c7748}> (0x000000074c7c7748) thrown at [c:/BuildAgent/work/5ff2f6c26000d570/src/hotspot/share/runtime/sharedRuntime.cpp, line 584]
Event: 3.927 Thread 0x000001ccb3b09000 Implicit null exception at 0x000001cc9a28cb15 to 0x000001cc9a28ce83
Event: 3.927 Thread 0x000001ccb3b09000 Exception <a 'java/lang/NullPointerException'{0x000000074c7c9078}> (0x000000074c7c9078) thrown at [c:/BuildAgent/work/5ff2f6c26000d570/src/hotspot/share/runtime/sharedRuntime.cpp, line 584]
Event: 3.927 Thread 0x000001ccb3b09000 Implicit null exception at 0x000001cc9a28cb15 to 0x000001cc9a28ce83
Event: 3.927 Thread 0x000001ccb3b09000 Exception <a 'java/lang/NullPointerException'{0x000000074c7ca960}> (0x000000074c7ca960) thrown at [c:/BuildAgent/work/5ff2f6c26000d570/src/hotspot/share/runtime/sharedRuntime.cpp, line 584]
Event: 3.927 Thread 0x000001ccb3b09000 Implicit null exception at 0x000001cc9a28cb15 to 0x000001cc9a28ce83
Event: 3.927 Thread 0x000001ccb3b09000 Exception <a 'java/lang/NullPointerException'{0x000000074c7cc290}> (0x000000074c7cc290) thrown at [c:/BuildAgent/work/5ff2f6c26000d570/src/hotspot/share/runtime/sharedRuntime.cpp, line 584]
Event: 3.927 Thread 0x000001ccb3b09000 Implicit null exception at 0x000001cc9a28cb15 to 0x000001cc9a28ce83
Event: 3.927 Thread 0x000001ccb3b09000 Exception <a 'java/lang/NullPointerException'{0x000000074c7cdbd8}> (0x000000074c7cdbd8) thrown at [c:/BuildAgent/work/5ff2f6c26000d570/src/hotspot/share/runtime/sharedRuntime.cpp, line 584]
Event: 4.395 Thread 0x000001ccb3b83000 Exception <a 'java/lang/reflect/InvocationTargetException'{0x000000074c9967e8}> (0x000000074c9967e8) thrown at [c:/BuildAgent/work/5ff2f6c26000d570/src/hotspot/share/runtime/reflection.cpp, line 1246]
Event: 4.654 Thread 0x000001ccb3b09000 Exception <a 'sun/nio/fs/WindowsException'{0x000000074f806200}> (0x000000074f806200) thrown at [c:/BuildAgent/work/5ff2f6c26000d570/src/hotspot/share/prims/jni.cpp, line 615]
Event: 4.660 Thread 0x000001ccb3b09000 Exception <a 'java/lang/NoSuchMethodError'{0x000000074f8299f8}: 'int java.lang.invoke.DirectMethodHandle$Holder.invokeStaticInit(java.lang.Object, java.lang.Object, java.lang.Object, java.lang.Object)'> (0x000000074f8299f8) thrown at [c:/BuildAgent/work/5
Event: 4.877 Thread 0x000001ccb3b09000 Exception <a 'java/lang/NoSuchMethodError'{0x000000074ee7f9b0}: 'java.lang.Object java.lang.invoke.DirectMethodHandle$Holder.invokeStaticInit(java.lang.Object, java.lang.Object, java.lang.Object, java.lang.Object)'> (0x000000074ee7f9b0) thrown at [c:/Buil
Event: 4.904 Thread 0x000001ccb3b83000 Exception <a 'java/lang/reflect/InvocationTargetException'{0x000000074ec89bf8}> (0x000000074ec89bf8) thrown at [c:/BuildAgent/work/5ff2f6c26000d570/src/hotspot/share/runtime/reflection.cpp, line 1246]

Events (20 events):
Event: 5.078 loading class org/hibernate/event/service/spi/JpaBootstrapSensitive done
Event: 5.079 loading class org/hibernate/internal/CoreMessageLogger_$logger_en_US
Event: 5.079 loading class org/hibernate/internal/CoreMessageLogger_$logger_en_US done
Event: 5.079 loading class org/hibernate/internal/CoreMessageLogger_$logger_en
Event: 5.079 loading class org/hibernate/internal/CoreMessageLogger_$logger_en done
Event: 5.079 loading class org/hibernate/internal/CoreMessageLogger_$logger_en_US
Event: 5.079 loading class org/hibernate/internal/CoreMessageLogger_$logger_en_US done
Event: 5.079 loading class org/hibernate/internal/CoreMessageLogger_$logger_en
Event: 5.079 loading class org/hibernate/internal/CoreMessageLogger_$logger_en done
Event: 5.080 loading class org/hibernate/event/service/internal/EventListenerGroupImpl$1
Event: 5.080 loading class org/hibernate/event/service/internal/EventListenerGroupImpl$1 done
Event: 5.080 loading class org/hibernate/event/service/internal/EventListenerGroupImpl
Event: 5.080 loading class org/hibernate/event/service/internal/EventListenerGroupImpl done
Event: 5.080 loading class org/hibernate/jpa/event/spi/CallbackRegistryConsumer
Event: 5.080 loading class org/hibernate/jpa/event/spi/CallbackRegistryConsumer done
Event: 5.080 loading class org/hibernate/event/internal/DefaultPersistEventListener
Event: 5.080 loading class org/hibernate/event/internal/DefaultPersistEventListener done
Event: 5.081 loading class org/hibernate/event/internal/AbstractSaveEventListener
Event: 5.081 loading class org/hibernate/event/internal/AbstractSaveEventListener done
Event: 5.081 Executing VM operation: CollectForMetadataAllocation


Dynamic libraries:
0x00007ff65baf0000 - 0x00007ff65bafa000 	C:\Program Files\JetBrains\IntelliJ IDEA 2019.3.3\jbr\bin\java.exe
0x00007ffcf7440000 - 0x00007ffcf7630000 	C:\WINDOWS\SYSTEM32\ntdll.dll
0x00007ffcf54f0000 - 0x00007ffcf55a2000 	C:\WINDOWS\System32\KERNEL32.DLL
0x00007ffcf5190000 - 0x00007ffcf5434000 	C:\WINDOWS\System32\KERNELBASE.dll
0x00007ffcf4dd0000 - 0x00007ffcf4eca000 	C:\WINDOWS\System32\ucrtbase.dll
0x00007ffce7690000 - 0x00007ffce76a9000 	C:\Program Files\JetBrains\IntelliJ IDEA 2019.3.3\jbr\bin\jli.dll
0x00007ffce76b0000 - 0x00007ffce76c7000 	C:\Program Files\JetBrains\IntelliJ IDEA 2019.3.3\jbr\bin\VCRUNTIME140.dll
0x00007ffcf6cd0000 - 0x00007ffcf6e64000 	C:\WINDOWS\System32\USER32.dll
0x00007ffcf4c00000 - 0x00007ffcf4c21000 	C:\WINDOWS\System32\win32u.dll
0x00007ffcf5cd0000 - 0x00007ffcf5cf6000 	C:\WINDOWS\System32\GDI32.dll
0x00007ffcf4c30000 - 0x00007ffcf4dc5000 	C:\WINDOWS\System32\gdi32full.dll
0x00007ffcf5070000 - 0x00007ffcf510e000 	C:\WINDOWS\System32\msvcp_win.dll
0x00007ffcde520000 - 0x00007ffcde7a4000 	C:\WINDOWS\WinSxS\amd64_microsoft.windows.common-controls_6595b64144ccf1df_6.0.18362.900_none_e6beb9d913147d17\COMCTL32.dll
0x00007ffcf5eb0000 - 0x00007ffcf5f4e000 	C:\WINDOWS\System32\msvcrt.dll
0x00007ffcf65e0000 - 0x00007ffcf6915000 	C:\WINDOWS\System32\combase.dll
0x00007ffcf6a50000 - 0x00007ffcf6b70000 	C:\WINDOWS\System32\RPCRT4.dll
0x00007ffcf5110000 - 0x00007ffcf5190000 	C:\WINDOWS\System32\bcryptPrimitives.dll
0x00007ffcf5ca0000 - 0x00007ffcf5cce000 	C:\WINDOWS\System32\IMM32.DLL
0x00007ffcd6e00000 - 0x00007ffcd6e9d000 	C:\Program Files\JetBrains\IntelliJ IDEA 2019.3.3\jbr\bin\msvcp140.dll
0x00007ffcadf20000 - 0x00007ffcae9db000 	C:\Program Files\JetBrains\IntelliJ IDEA 2019.3.3\jbr\bin\server\jvm.dll
0x00007ffcf70c0000 - 0x00007ffcf7163000 	C:\WINDOWS\System32\ADVAPI32.dll
0x00007ffcf7360000 - 0x00007ffcf73f7000 	C:\WINDOWS\System32\sechost.dll
0x00007ffcf6c60000 - 0x00007ffcf6c68000 	C:\WINDOWS\System32\PSAPI.DLL
0x00007ffcf0c50000 - 0x00007ffcf0c59000 	C:\WINDOWS\SYSTEM32\WSOCK32.dll
0x00007ffcf6570000 - 0x00007ffcf65df000 	C:\WINDOWS\System32\WS2_32.dll
0x00007ffcf22a0000 - 0x00007ffcf22c4000 	C:\WINDOWS\SYSTEM32\WINMM.dll
0x00007ffcee370000 - 0x00007ffcee37a000 	C:\WINDOWS\SYSTEM32\VERSION.dll
0x00007ffcf1e20000 - 0x00007ffcf1e4d000 	C:\WINDOWS\SYSTEM32\WINMMBASE.dll
0x00007ffcf43d0000 - 0x00007ffcf441a000 	C:\WINDOWS\System32\cfgmgr32.dll
0x00007ffcf4380000 - 0x00007ffcf4391000 	C:\WINDOWS\System32\kernel.appcore.dll
0x00007ffce7670000 - 0x00007ffce7681000 	C:\Program Files\JetBrains\IntelliJ IDEA 2019.3.3\jbr\bin\verify.dll
0x00007ffce20a0000 - 0x00007ffce2294000 	C:\WINDOWS\SYSTEM32\DBGHELP.DLL
0x00007ffce2020000 - 0x00007ffce204a000 	C:\WINDOWS\SYSTEM32\dbgcore.DLL
0x00007ffce6ba0000 - 0x00007ffce6bc9000 	C:\Program Files\JetBrains\IntelliJ IDEA 2019.3.3\jbr\bin\java.dll
0x00007ffcf24e0000 - 0x00007ffcf24ef000 	C:\Program Files\JetBrains\IntelliJ IDEA 2019.3.3\jbr\bin\instrument.dll
0x00007ffce75b0000 - 0x00007ffce75c7000 	C:\Program Files\JetBrains\IntelliJ IDEA 2019.3.3\jbr\bin\zip.dll
0x00007ffcef760000 - 0x00007ffcef76b000 	C:\Program Files\JetBrains\IntelliJ IDEA 2019.3.3\jbr\bin\jimage.dll
0x00007ffcf55b0000 - 0x00007ffcf5c96000 	C:\WINDOWS\System32\SHELL32.dll
0x00007ffcf6920000 - 0x00007ffcf69c9000 	C:\WINDOWS\System32\shcore.dll
0x00007ffcf4420000 - 0x00007ffcf4ba0000 	C:\WINDOWS\System32\windows.storage.dll
0x00007ffcf43a0000 - 0x00007ffcf43c3000 	C:\WINDOWS\System32\profapi.dll
0x00007ffcf4310000 - 0x00007ffcf435a000 	C:\WINDOWS\System32\powrprof.dll
0x00007ffcf4300000 - 0x00007ffcf4310000 	C:\WINDOWS\System32\UMPDC.dll
0x00007ffcf6ee0000 - 0x00007ffcf6f32000 	C:\WINDOWS\System32\shlwapi.dll
0x00007ffcf5050000 - 0x00007ffcf5067000 	C:\WINDOWS\System32\cryptsp.dll
0x00007ffce7570000 - 0x00007ffce758a000 	C:\Program Files\JetBrains\IntelliJ IDEA 2019.3.3\jbr\bin\net.dll
0x00007ffce7e40000 - 0x00007ffce7f30000 	C:\WINDOWS\SYSTEM32\WINHTTP.dll
0x00007ffcf3b70000 - 0x00007ffcf3bd7000 	C:\WINDOWS\system32\mswsock.dll
0x00007ffce7440000 - 0x00007ffce7454000 	C:\Program Files\JetBrains\IntelliJ IDEA 2019.3.3\jbr\bin\nio.dll
0x00007ffcf0de0000 - 0x00007ffcf0dfa000 	C:\Program Files\JetBrains\IntelliJ IDEA 2019.3.3\bin\breakgen64.dll
0x00007ffcf38c0000 - 0x00007ffcf398b000 	C:\WINDOWS\SYSTEM32\DNSAPI.dll
0x00007ffcf6b80000 - 0x00007ffcf6b88000 	C:\WINDOWS\System32\NSI.dll
0x00007ffcf3880000 - 0x00007ffcf38ba000 	C:\WINDOWS\SYSTEM32\IPHLPAPI.DLL
0x00007ffcea940000 - 0x00007ffcea94a000 	C:\Windows\System32\rasadhlp.dll
0x00007ffcec0d0000 - 0x00007ffcec147000 	C:\WINDOWS\System32\fwpuclnt.dll
0x00007ffcf5020000 - 0x00007ffcf5046000 	C:\WINDOWS\System32\bcrypt.dll
0x00007ffcef3b0000 - 0x00007ffcef3ba000 	C:\Program Files\JetBrains\IntelliJ IDEA 2019.3.3\jbr\bin\management.dll
0x00007ffceddc0000 - 0x00007ffceddcc000 	C:\Program Files\JetBrains\IntelliJ IDEA 2019.3.3\jbr\bin\management_ext.dll
0x00007ffcf36e0000 - 0x00007ffcf3713000 	C:\WINDOWS\system32\rsaenh.dll
0x00007ffcf41f0000 - 0x00007ffcf4215000 	C:\WINDOWS\SYSTEM32\USERENV.dll
0x00007ffcf3d40000 - 0x00007ffcf3d4c000 	C:\WINDOWS\SYSTEM32\CRYPTBASE.dll
0x00007ffced160000 - 0x00007ffced176000 	C:\WINDOWS\SYSTEM32\dhcpcsvc6.DLL
0x00007ffced2e0000 - 0x00007ffced2fc000 	C:\WINDOWS\SYSTEM32\dhcpcsvc.DLL
0x00007ffcdd710000 - 0x00007ffcdd726000 	C:\WINDOWS\system32\napinsp.dll
0x00007ffcd84c0000 - 0x00007ffcd84da000 	C:\WINDOWS\system32\pnrpnsp.dll
0x00007ffcd84a0000 - 0x00007ffcd84b5000 	C:\WINDOWS\system32\wshbth.dll
0x00007ffcf0b50000 - 0x00007ffcf0b6c000 	C:\WINDOWS\system32\NLAapi.dll
0x00007ffcf0b10000 - 0x00007ffcf0b1e000 	C:\WINDOWS\System32\winrnr.dll
0x00007ffce3690000 - 0x00007ffce36b8000 	C:\Program Files\JetBrains\IntelliJ IDEA 2019.3.3\jbr\bin\sunec.dll

dbghelp: loaded successfully - version: 4.0.5 - missing functions: none
symbol engine: initialized successfully - sym options: 0x614 - pdb path: .;C:\Program Files\JetBrains\IntelliJ IDEA 2019.3.3\jbr\bin;C:\WINDOWS\SYSTEM32;C:\WINDOWS\WinSxS\amd64_microsoft.windows.common-controls_6595b64144ccf1df_6.0.18362.900_none_e6beb9d913147d17;C:\Program Files\JetBrains\IntelliJ IDEA 2019.3.3\jbr\bin\server;C:\Program Files\JetBrains\IntelliJ IDEA 2019.3.3\bin

VM Arguments:
jvm_args: -XX:TieredStopAtLevel=1 -Xverify:none -Dspring.output.ansi.enabled=always -Dcom.sun.management.jmxremote -Dspring.jmx.enabled=true -Dspring.liveBeansView.mbeanDomain -Dspring.application.admin.enabled=true -javaagent:C:\Program Files\JetBrains\IntelliJ IDEA 2019.3.3\lib\idea_rt.jar=55214:C:\Program Files\JetBrains\IntelliJ IDEA 2019.3.3\bin -Dfile.encoding=UTF-8 
java_command: com.example.RestTest.RestTestApplication
java_class_path (initial): C:\Users\tonis\IdeaProjects\RestTest\build\classes\java\main;C:\Users\tonis\IdeaProjects\RestTest\build\resources\main;C:\Users\tonis\.gradle\caches\modules-2\files-2.1\org.springframework.boot\spring-boot-starter-websocket\2.3.1.RELEASE\60241badc57e9d195a4d0cf206ba8dcd2f6861a3\spring-boot-starter-websocket-2.3.1.RELEASE.jar;C:\Users\tonis\.gradle\caches\modules-2\files-2.1\org.springframework.boot\spring-boot-starter-data-jpa\2.2.6.RELEASE\e6bfecf4694867d815514799ea23a937c623f496\spring-boot-starter-data-jpa-2.2.6.RELEASE.jar;C:\Users\tonis\.gradle\caches\modules-2\files-2.1\org.springframework.session\spring-session-jdbc\2.2.2.RELEASE\c2075278219c8b5eeb9c8aa9f383c5f83d1f4bef\spring-session-jdbc-2.2.2.RELEASE.jar;C:\Users\tonis\.gradle\caches\modules-2\files-2.1\org.springframework.boot\spring-boot-starter-thymeleaf\2.2.6.RELEASE\4ea7956f653e37d12ee6d4bb14f14d6275223388\spring-boot-starter-thymeleaf-2.2.6.RELEASE.jar;C:\Users\tonis\.gradle\caches\modules-2\files-2.1\org.projectlombok\lombok\1.18.12\48e4e5d60309ebd833bc528dcf77668eab3cd72c\lombok-1.18.12.jar;C:\Users\tonis\.gradle\caches\modules-2\files-2.1\org.springframework.boot\spring-boot-starter-security\2.2.6.RELEASE\27b75e738d353de4475df6751852bacf3832afec\spring-boot-starter-security-2.2.6.RELEASE.jar;C:\Users\tonis\.gradle\caches\modules-2\files-2.1\org.springframework.security.oauth.boot\spring-security-oauth2-autoconfigure\2.0.0.RELEASE\33a13c816d32b6360c4ab4fa34a80dbab4b4bbf1\spring-security-oauth2-autoconfigure-2.0.0.RELEASE.jar;C:\Users\tonis\.gradle\caches\modules-2\files-2.1\org.springframework.boot\spring-boot-starter-web\2.2.6.RELEASE\4f76853c40cd6c7a0214083b36cd8cfe7c5d7b48\spring-boot-starter-web-2.2.6.RELEASE.jar;C:\Users\tonis\.gradle\caches\modules-2\files-2.1\org.mybatis.spring.boot\mybatis-spring-boot-starter\1.3.1\f67bd22f518df4b56e6647c90692529af4715a10\mybatis-spring-boot-starter-1.3.1.jar;C:\Users\tonis\.gradle\caches\modules-2\files-2.1\org.springframework.
Launcher Type: SUN_STANDARD

[Global flags]
     bool BytecodeVerificationLocal                = false                                     {product} {command line}
     bool BytecodeVerificationRemote               = false                                     {product} {command line}
     intx CICompilerCount                          = 4                                         {product} {ergonomic}
     uint ConcGCThreads                            = 2                                         {product} {ergonomic}
     uint G1ConcRefinementThreads                  = 8                                         {product} {ergonomic}
   size_t G1HeapRegionSize                         = 1048576                                   {product} {ergonomic}
    uintx GCDrainStackTargetSize                   = 64                                        {product} {ergonomic}
   size_t InitialHeapSize                          = 199229440                                 {product} {ergonomic}
     bool ManagementServer                         = true                                      {product} {command line}
   size_t MarkStackSize                            = 4194304                                   {product} {ergonomic}
   size_t MaxHeapSize                              = 3181379584                                {product} {ergonomic}
   size_t MaxNewSize                               = 1908408320                                {product} {ergonomic}
   size_t MinHeapDeltaBytes                        = 1048576                                   {product} {ergonomic}
    uintx NonNMethodCodeHeapSize                   = 7549744                                {pd product} {ergonomic}
    uintx NonProfiledCodeHeapSize                  = 244108496                              {pd product} {ergonomic}
    uintx ProfiledCodeHeapSize                     = 0                                      {pd product} {ergonomic}
    uintx ReservedCodeCacheSize                    = 251658240                              {pd product} {ergonomic}
     bool SegmentedCodeCache                       = true                                      {product} {ergonomic}
     intx TieredStopAtLevel                        = 1                                         {product} {command line}
     bool UseCompressedClassPointers               = true                                 {lp64_product} {ergonomic}
     bool UseCompressedOops                        = true                                 {lp64_product} {ergonomic}
     bool UseG1GC                                  = true                                      {product} {ergonomic}
     bool UseLargePagesIndividualAllocation        = false                                  {pd product} {ergonomic}

Logging:
Log output configuration:
 #0: stdout all=warning uptime,level,tags
 #1: stderr all=off uptime,level,tags

Environment Variables:
JAVA_HOME=C:\Program Files\Java\jdk-14
PATH=C:\Program Files (x86)\Common Files\Oracle\Java\javapath;C:\WINDOWS\system32;C:\WINDOWS;C:\WINDOWS\System32\Wbem;C:\WINDOWS\System32\WindowsPowerShell\v1.0\;C:\WINDOWS\System32\OpenSSH\;C:\Program Files\NVIDIA Corporation\NVIDIA NvDLISR;C:\Program Files (x86)\NoteBook FanControl\;C:\Program Files\Git\cmd;C:\Program Files\dotnet\;C:\Program Files (x86)\NVIDIA Corporation\PhysX\Common;C:\Program Files\PuTTY\;E:\maven\apache-maven-3.6.3\bin;C:\Program Files (x86)\Yarn\bin\;C:\Program Files\nodejs\;C:\Program Files\MySQL\MySQL Shell 8.0\bin\;C:\Users\tonis\AppData\Local\Microsoft\WindowsApps;;C:\Program Files\JetBrains\IntelliJ IDEA 2019.3.3\bin;;C:\Program Files\JetBrains\PyCharm 2019.3.3\bin;;C:\Program Files\JetBrains\CLion 2019.3.4\bin;;C:\Users\tonis\AppData\Local\Yarn\bin;C:\Users\tonis\AppData\Roaming\npm
USERNAME=tonis
OS=Windows_NT
PROCESSOR_IDENTIFIER=Intel64 Family 6 Model 158 Stepping 10, GenuineIntel



---------------  S Y S T E M  ---------------

OS: Windows 10 , 64 bit Build 18362 (10.0.18362.900)

CPU:total 8 (initial active 8) (4 cores per cpu, 2 threads per core) family 6 model 158 stepping 10, cmov, cx8, fxsr, mmx, sse, sse2, sse3, ssse3, sse4.1, sse4.2, popcnt, avx, avx2, aes, clmul, erms, 3dnowpref, lzcnt, ht, tsc, tscinvbit, bmi1, bmi2, adx, fma

Memory: 4k page, system-wide physical 12128M (427M free)
TotalPageFile size 32128M (AvailPageFile size 1M)
current process WorkingSet (physical memory assigned to process): 285M, peak: 285M
current process commit charge ("private bytes"): 384M, peak: 385M

vm_info: OpenJDK 64-Bit Server VM (11.0.5+10-b520.38) for windows-amd64 JRE (11.0.5+10-b520.38), built on Jan 23 2020 07:58:32 by "" with MS VC++ 14.0 (VS2015)

END.
